#
# A fatal error has been detected by the Java Runtime Environment:
#
#  EXCEPTION_ACCESS_VIOLATION (0xc0000005) at pc=0x00007ff9758addb6, pid=1900, tid=8644
#
# JRE version: OpenJDK Runtime Environment (11.0.2+9) (build 11.0.2+9)
# Java VM: OpenJDK 64-Bit Server VM (11.0.2+9, mixed mode, tiered, compressed oops, g1 gc, windows-amd64)
# Problematic frame:
# V  [jvm.dll+0x19ddb6]
#
# No core dump will be written. Minidumps are not enabled by default on client versions of Windows
#
# If you would like to submit a bug report, please visit:
#   http://bugreport.java.com/bugreport/crash.jsp
#

---------------  S U M M A R Y ------------

Command Line: -XX:MaxMetaspaceSize=512m --add-opens=java.base/java.util=ALL-UNNAMED --add-opens=java.base/java.lang=ALL-UNNAMED --add-opens=java.base/java.lang.invoke=ALL-UNNAMED --add-opens=java.base/java.util=ALL-UNNAMED --add-opens=java.prefs/java.util.prefs=ALL-UNNAMED --add-opens=java.prefs/java.util.prefs=ALL-UNNAMED --add-opens=java.base/java.nio.charset=ALL-UNNAMED --add-opens=java.base/java.net=ALL-UNNAMED --add-opens=java.base/java.util.concurrent.atomic=ALL-UNNAMED -Xmx2048m -Dfile.encoding=windows-1252 -Duser.country=CO -Duser.language=es -Duser.variant org.gradle.launcher.daemon.bootstrap.GradleDaemon 7.5.1

Host: Intel(R) Core(TM) i5-10210U CPU @ 1.60GHz, 8 cores, 7G,  Windows 10 , 64 bit Build 19041 (10.0.19041.2546)
Time: Wed Mar 29 16:21:58 2023 Hora est. Pacífico, Sudamérica elapsed time: 16468 seconds (0d 4h 34m 28s)

---------------  T H R E A D  ---------------

Current thread (0x00000215e7ca6800):  ConcurrentGCThread "G1 Conc#0" [stack: 0x000000f256400000,0x000000f256500000] [id=8644]

Stack: [0x000000f256400000,0x000000f256500000],  sp=0x000000f2564ff718,  free space=1021k
Native frames: (J=compiled Java code, j=interpreted, Vv=VM code, C=native code)
V  [jvm.dll+0x19ddb6]


siginfo: EXCEPTION_ACCESS_VIOLATION (0xc0000005), reading address 0x000000041132d308


Register to memory mapping:

RIP=0x00007ff9758addb6 jvm.dll
RAX=0x0 is NULL
RBX=0x0 is NULL
RCX=0x0000000082265a50 is pointing into object: sun.reflect.generics.tree.SimpleClassTypeSignature 
{0x0000000082265a48} - klass: 'sun/reflect/generics/tree/SimpleClassTypeSignature'
RDX=0x0000000082265a50 is pointing into object: sun.reflect.generics.tree.SimpleClassTypeSignature 
{0x0000000082265a48} - klass: 'sun/reflect/generics/tree/SimpleClassTypeSignature'
RSP=0x000000f2564ff718 points into unknown readable memory: 3b 7f 91 75 f9 7f 00 00
RBP=0x000000f2564ff901 points into unknown readable memory: 27 ee 26 5e 62 d9 01
RSI=0x0000000082265a50 is pointing into object: sun.reflect.generics.tree.SimpleClassTypeSignature 
{0x0000000082265a48} - klass: 'sun/reflect/generics/tree/SimpleClassTypeSignature'
RDI=0x0000000000000400 is an unknown value
R8 =0x0 is NULL
R9 =0x000000041132d300 is an unknown value
R10=0x00000215e7ce6ec0 points into unknown readable memory: e0 6c f9 75 f9 7f 00 00
R11=0x0000021580000000 points into unknown readable memory: 01 00 00 00 00 00 00 00
R12=0x0 is NULL
R13=0x00000215e7c9cea0 points into unknown readable memory: 00 58 ca e7 15 02 00 00
R14=0x0000021580089968 points into unknown readable memory: 00 04 00 00 00 00 00 00
R15=0x0 is NULL


Registers:
RAX=0x0000000000000000, RBX=0x0000000000000000, RCX=0x0000000082265a50, RDX=0x0000000082265a50
RSP=0x000000f2564ff718, RBP=0x000000f2564ff901, RSI=0x0000000082265a50, RDI=0x0000000000000400
R8 =0x0000000000000000, R9 =0x000000041132d300, R10=0x00000215e7ce6ec0, R11=0x0000021580000000
R12=0x0000000000000000, R13=0x00000215e7c9cea0, R14=0x0000021580089968, R15=0x0000000000000000
RIP=0x00007ff9758addb6, EFLAGS=0x0000000000010206

Top of Stack: (sp=0x000000f2564ff718)
0x000000f2564ff718:   00007ff975917f3b 0000000000000000
0x000000f2564ff728:   00007ff975917f3b 01d9625e26ee273d
0x000000f2564ff738:   0000000000000000 00000001000f6e38
0x000000f2564ff748:   0000000082265078 0000000000000000
0x000000f2564ff758:   00000215e7ca78a0 00000001000f6e30
0x000000f2564ff768:   00007ff975917d22 00000215e7ca7760
0x000000f2564ff778:   000000f2564ff918 0000000082265a50
0x000000f2564ff788:   000000f2564ff918 000000008226508c
0x000000f2564ff798:   00007ff97591636d 0000000000000003
0x000000f2564ff7a8:   0000000082265084 0000000000000003
0x000000f2564ff7b8:   00000000822640f8 00000215e7ca7601
0x000000f2564ff7c8:   00000215e7c9ceb8 00000001000f6b10
0x000000f2564ff7d8:   00007ff975915b81 0000000000000003
0x000000f2564ff7e8:   000000f2564ff918 0000000082265078
0x000000f2564ff7f8:   0000000000000005 00000215e7ca7760
0x000000f2564ff808:   00007ff975a0c67e 0000000082265078 

Instructions: (pc=0x00007ff9758addb6)
0x00007ff9758add96:   48 83 c4 30 5f c3 cc cc cc cc 48 8b 49 38 48 8b
0x00007ff9758adda6:   01 48 ff 60 28 cc cc cc cc cc 4c 8b ca 48 8b d1
0x00007ff9758addb6:   45 8b 41 08 45 85 c0 7e 0e 41 f6 c0 01 75 56 41
0x00007ff9758addc6:   c1 f8 03 41 8b c0 c3 79 4c 80 3d 4b 61 8b 00 00 


Stack slot to memory mapping:
stack at sp + 0 slots: 0x00007ff975917f3b jvm.dll
stack at sp + 1 slots: 0x0 is NULL
stack at sp + 2 slots: 0x00007ff975917f3b jvm.dll
stack at sp + 3 slots: 0x01d9625e26ee273d is an unknown value
stack at sp + 4 slots: 0x0 is NULL
stack at sp + 5 slots: 0x00000001000f6e38 is a pointer to class: 
sun.reflect.generics.repository.AbstractRepository {0x00000001000f6e40}
stack at sp + 6 slots: 0x0000000082265078 is an oop: sun.reflect.generics.factory.CoreReflectionFactory 
{0x0000000082265078} - klass: 'sun/reflect/generics/factory/CoreReflectionFactory'
stack at sp + 7 slots: 0x0 is NULL


---------------  P R O C E S S  ---------------

Threads class SMR info:
_java_thread_list=0x0000021596322f50, length=139, elements={
0x00000215e7c5b800, 0x000002158690f000, 0x0000021586912800, 0x000002158692b000,
0x000002158692c000, 0x000002158692e000, 0x0000021586930000, 0x0000021586934800,
0x000002158740d000, 0x0000021587426000, 0x0000021589189000, 0x0000021588d10800,
0x000002158890c800, 0x00000215891c5800, 0x00000215891c2800, 0x00000215891c3000,
0x00000215891c7800, 0x00000215891c9000, 0x00000215891c5000, 0x000002158a8f1000,
0x000002158a8f3800, 0x000002158a8f0800, 0x000002158a8f6000, 0x000002158a8f8800,
0x000002158a8f4800, 0x000002158a8f7800, 0x000002158a8f9800, 0x000002158a8f7000,
0x000002158f32f800, 0x000002158f334000, 0x00000215946d9000, 0x00000215946d9800,
0x00000215946d4000, 0x000002158f32d000, 0x000002158f32b000, 0x000002158f32a800,
0x000002158f32c000, 0x000002158f329800, 0x000002158f32d800, 0x000002158f331800,
0x000002158f330000, 0x000002158f331000, 0x000002158f332800, 0x000002158f32e800,
0x000002158f338000, 0x000002158f336000, 0x000002158f336800, 0x000002158f333800,
0x000002158f337800, 0x000002158f335000, 0x000002158d4ef800, 0x000002158d4f3800,
0x000002158d4f2000, 0x000002158d4f3000, 0x000002158d4f0800, 0x000002158d4ee000,
0x000002158d4f8800, 0x000002158d4fa800, 0x000002158d4f4800, 0x000002158d4f6000,
0x000002158d4f7000, 0x000002158d4fb000, 0x000002158d4f5800, 0x000002158d4fc000,
0x000002158d4f9800, 0x000002158d4fc800, 0x000002158d4f8000, 0x00000215883ed800,
0x00000215883ee000, 0x00000215883ec800, 0x00000215883ef000, 0x00000215883eb800,
0x00000215883ef800, 0x00000215883f0800, 0x00000215883eb000, 0x00000215883f4800,
0x00000215883f1800, 0x00000215883f6000, 0x00000215883f7000, 0x00000215883f8000,
0x00000215883f2000, 0x00000215883f8800, 0x000002158a8f2000, 0x000002158a8f5000,
0x000002158a8ff000, 0x000002158a8fb000, 0x000002158a8fe000, 0x000002158a8fc800,
0x000002158a8fa000, 0x000002158a8fb800, 0x000002158a8fd800, 0x0000021589af1800,
0x0000021589aee000, 0x0000021589aef000, 0x0000021589af0800, 0x0000021589aed800,
0x0000021589aef800, 0x0000021589aeb800, 0x0000021589af2000, 0x00000215946d6800,
0x00000215946d7800, 0x00000215946d3000, 0x00000215946d5800, 0x00000215946d8000,
0x00000215946d5000, 0x00000215891c6800, 0x00000215891c4000, 0x00000215891c8000,
0x00000215948aa800, 0x00000215948ad000, 0x00000215948ac800, 0x00000215948aa000,
0x00000215948af000, 0x00000215948ab800, 0x00000215948af800, 0x00000215948b0800,
0x00000215948b1800, 0x00000215948b2000, 0x00000215948b3800, 0x00000215948b3000,
0x00000215948ae000, 0x00000215948b7000, 0x00000215948b8800, 0x00000215948b8000,
0x00000215948b4800, 0x00000215948b5800, 0x00000215948b6000, 0x00000215933ed800,
0x00000215933ee800, 0x00000215933f5000, 0x00000215933f4000, 0x00000215933f3800,
0x00000215933ef000, 0x00000215933f6000, 0x00000215933f0000, 0x00000215933f6800,
0x00000215933f1000, 0x00000215933f2800, 0x00000215933f7800
}

Java Threads: ( => current thread )
  0x00000215e7c5b800 JavaThread "main" [_thread_blocked, id=8240, stack(0x000000f256100000,0x000000f256200000)]
  0x000002158690f000 JavaThread "Reference Handler" daemon [_thread_blocked, id=3036, stack(0x000000f256800000,0x000000f256900000)]
  0x0000021586912800 JavaThread "Finalizer" daemon [_thread_blocked, id=4196, stack(0x000000f256900000,0x000000f256a00000)]
  0x000002158692b000 JavaThread "Signal Dispatcher" daemon [_thread_blocked, id=148, stack(0x000000f256a00000,0x000000f256b00000)]
  0x000002158692c000 JavaThread "Attach Listener" daemon [_thread_blocked, id=3200, stack(0x000000f256b00000,0x000000f256c00000)]
  0x000002158692e000 JavaThread "C2 CompilerThread0" daemon [_thread_in_native, id=1232, stack(0x000000f256c00000,0x000000f256d00000)]
  0x0000021586930000 JavaThread "C1 CompilerThread0" daemon [_thread_in_vm, id=12252, stack(0x000000f256d00000,0x000000f256e00000)]
  0x0000021586934800 JavaThread "Sweeper thread" daemon [_thread_blocked, id=12200, stack(0x000000f256e00000,0x000000f256f00000)]
  0x000002158740d000 JavaThread "Common-Cleaner" daemon [_thread_blocked, id=4048, stack(0x000000f256f00000,0x000000f257000000)]
  0x0000021587426000 JavaThread "Service Thread" daemon [_thread_blocked, id=6024, stack(0x000000f257000000,0x000000f257100000)]
  0x0000021589189000 JavaThread "Daemon health stats" [_thread_blocked, id=8948, stack(0x000000f257600000,0x000000f257700000)]
  0x0000021588d10800 JavaThread "Incoming local TCP Connector on port 56507" [_thread_in_native, id=1488, stack(0x000000f257300000,0x000000f257400000)]
  0x000002158890c800 JavaThread "Daemon periodic checks" [_thread_blocked, id=9424, stack(0x000000f257700000,0x000000f257800000)]
  0x00000215891c5800 JavaThread "Cache worker for journal cache (C:\Users\USER\.gradle\caches\journal-1)" [_thread_blocked, id=4056, stack(0x000000f258400000,0x000000f258500000)]
  0x00000215891c2800 JavaThread "File lock request listener" [_thread_in_native, id=14396, stack(0x000000f258500000,0x000000f258600000)]
  0x00000215891c3000 JavaThread "Cache worker for file hash cache (C:\Users\USER\.gradle\caches\7.5.1\fileHashes)" [_thread_blocked, id=7244, stack(0x000000f258600000,0x000000f258700000)]
  0x00000215891c7800 JavaThread "File watcher server" daemon [_thread_in_native, id=11624, stack(0x000000f258900000,0x000000f258a00000)]
  0x00000215891c9000 JavaThread "File watcher consumer" daemon [_thread_in_Java, id=15016, stack(0x000000f258a00000,0x000000f258b00000)]
  0x00000215891c5000 JavaThread "Cache worker for file content cache (C:\Users\USER\.gradle\caches\7.5.1\fileContent)" [_thread_blocked, id=9828, stack(0x000000f258c00000,0x000000f258d00000)]
  0x000002158a8f1000 JavaThread "Cache worker for execution history cache (C:\Users\USER\.gradle\caches\7.5.1\executionHistory)" [_thread_blocked, id=5044, stack(0x000000f258f00000,0x000000f259000000)]
  0x000002158a8f3800 JavaThread "jar transforms" [_thread_blocked, id=7740, stack(0x000000f259100000,0x000000f259200000)]
  0x000002158a8f0800 JavaThread "jar transforms Thread 2" [_thread_blocked, id=6096, stack(0x000000f259200000,0x000000f259300000)]
  0x000002158a8f6000 JavaThread "jar transforms Thread 3" [_thread_blocked, id=8236, stack(0x000000f259300000,0x000000f259400000)]
  0x000002158a8f8800 JavaThread "jar transforms Thread 4" [_thread_blocked, id=5232, stack(0x000000f259400000,0x000000f259500000)]
  0x000002158a8f4800 JavaThread "Cache worker for kotlin-dsl (C:\Users\USER\.gradle\caches\7.5.1\kotlin-dsl)" [_thread_blocked, id=12908, stack(0x000000f259000000,0x000000f259100000)]
  0x000002158a8f7800 JavaThread "jar transforms Thread 5" [_thread_blocked, id=11156, stack(0x000000f259600000,0x000000f259700000)]
  0x000002158a8f9800 JavaThread "jar transforms Thread 6" [_thread_blocked, id=7912, stack(0x000000f259700000,0x000000f259800000)]
  0x000002158a8f7000 JavaThread "jar transforms Thread 7" [_thread_blocked, id=14768, stack(0x000000f259a00000,0x000000f259b00000)]
  0x000002158f32f800 JavaThread "jar transforms Thread 8" [_thread_blocked, id=2152, stack(0x000000f25bd00000,0x000000f25be00000)]
  0x000002158f334000 JavaThread "Memory manager" [_thread_blocked, id=3968, stack(0x000000f25bf00000,0x000000f25c000000)]
  0x00000215946d9000 JavaThread "Monitor" [_thread_in_native, id=3796, stack(0x000000f25fe00000,0x000000f25ff00000)]
  0x00000215946d9800 JavaThread "JdwpProxyConnection" [_thread_in_native, id=3144, stack(0x000000f25ff00000,0x000000f260000000)]
  0x00000215946d4000 JavaThread "Device List Monitor" [_thread_in_native, id=11084, stack(0x000000f260000000,0x000000f260100000)]
  0x000002158f32d000 JavaThread "Daemon Thread 4" [_thread_blocked, id=8612, stack(0x000000f255f00000,0x000000f256000000)]
  0x000002158f32b000 JavaThread "Handler for socket connection from /127.0.0.1:56507 to /127.0.0.1:58130" [_thread_in_native, id=12152, stack(0x000000f256000000,0x000000f256100000)]
  0x000002158f32a800 JavaThread "Cancel handler" [_thread_blocked, id=8188, stack(0x000000f257200000,0x000000f257300000)]
  0x000002158f32c000 JavaThread "Daemon worker Thread 4" [_thread_in_Java, id=12488, stack(0x000000f257800000,0x000000f257900000)]
  0x000002158f329800 JavaThread "Asynchronous log dispatcher for DefaultDaemonConnection: socket connection from /127.0.0.1:56507 to /127.0.0.1:58130" [_thread_blocked, id=6928, stack(0x000000f257900000,0x000000f257a00000)]
  0x000002158f32d800 JavaThread "Stdin handler" [_thread_blocked, id=1712, stack(0x000000f257a00000,0x000000f257b00000)]
  0x000002158f331800 JavaThread "Daemon client event forwarder" [_thread_blocked, id=8660, stack(0x000000f257b00000,0x000000f257c00000)]
  0x000002158f330000 JavaThread "Cache worker for checksums cache (C:\Users\USER\Desktop\toppay\android\.gradle\7.5.1\checksums)" [_thread_blocked, id=6488, stack(0x000000f257c00000,0x000000f257d00000)]
  0x000002158f331000 JavaThread "Cache worker for cache directory md-rule (C:\Users\USER\.gradle\caches\7.5.1\md-rule)" [_thread_blocked, id=9068, stack(0x000000f257d00000,0x000000f257e00000)]
  0x000002158f332800 JavaThread "Cache worker for file hash cache (C:\Users\USER\Desktop\toppay\android\.gradle\7.5.1\fileHashes)" [_thread_blocked, id=8996, stack(0x000000f257e00000,0x000000f257f00000)]
  0x000002158f32e800 JavaThread "Cache worker for cache directory md-supplier (C:\Users\USER\.gradle\caches\7.5.1\md-supplier)" [_thread_blocked, id=10068, stack(0x000000f258800000,0x000000f258900000)]
  0x000002158f338000 JavaThread "Cache worker for dependencies-accessors (C:\Users\USER\Desktop\toppay\android\.gradle\7.5.1\dependencies-accessors)" [_thread_blocked, id=14252, stack(0x000000f258b00000,0x000000f258c00000)]
  0x000002158f336000 JavaThread "Cache worker for Build Output Cleanup Cache (C:\Users\USER\Desktop\toppay\node_modules\react-native-gradle-plugin\.gradle\buildOutputCleanup)" [_thread_blocked, id=10552, stack(0x000000f258d00000,0x000000f258e00000)]
  0x000002158f336800 JavaThread "Unconstrained build operations" [_thread_blocked, id=11128, stack(0x000000f258e00000,0x000000f258f00000)]
  0x000002158f333800 JavaThread "Unconstrained build operations Thread 2" [_thread_blocked, id=12812, stack(0x000000f259500000,0x000000f259600000)]
  0x000002158f337800 JavaThread "Unconstrained build operations Thread 3" [_thread_blocked, id=10984, stack(0x000000f259800000,0x000000f259900000)]
  0x000002158f335000 JavaThread "Unconstrained build operations Thread 4" [_thread_blocked, id=14440, stack(0x000000f259900000,0x000000f259a00000)]
  0x000002158d4ef800 JavaThread "Unconstrained build operations Thread 5" [_thread_blocked, id=11196, stack(0x000000f259b00000,0x000000f259c00000)]
  0x000002158d4f3800 JavaThread "Unconstrained build operations Thread 6" [_thread_blocked, id=12316, stack(0x000000f259c00000,0x000000f259d00000)]
  0x000002158d4f2000 JavaThread "Unconstrained build operations Thread 7" [_thread_blocked, id=11344, stack(0x000000f259d00000,0x000000f259e00000)]
  0x000002158d4f3000 JavaThread "Unconstrained build operations Thread 8" [_thread_blocked, id=11912, stack(0x000000f259e00000,0x000000f259f00000)]
  0x000002158d4f0800 JavaThread "Unconstrained build operations Thread 9" [_thread_blocked, id=15032, stack(0x000000f259f00000,0x000000f25a000000)]
  0x000002158d4ee000 JavaThread "Unconstrained build operations Thread 10" [_thread_blocked, id=12656, stack(0x000000f25a000000,0x000000f25a100000)]
  0x000002158d4f8800 JavaThread "Unconstrained build operations Thread 11" [_thread_blocked, id=12324, stack(0x000000f25a100000,0x000000f25a200000)]
  0x000002158d4fa800 JavaThread "Unconstrained build operations Thread 12" [_thread_blocked, id=10320, stack(0x000000f25a200000,0x000000f25a300000)]
  0x000002158d4f4800 JavaThread "Unconstrained build operations Thread 13" [_thread_blocked, id=13416, stack(0x000000f25a300000,0x000000f25a400000)]
  0x000002158d4f6000 JavaThread "Unconstrained build operations Thread 14" [_thread_blocked, id=7608, stack(0x000000f25a400000,0x000000f25a500000)]
  0x000002158d4f7000 JavaThread "Unconstrained build operations Thread 15" [_thread_blocked, id=13808, stack(0x000000f25a500000,0x000000f25a600000)]
  0x000002158d4fb000 JavaThread "Unconstrained build operations Thread 16" [_thread_blocked, id=7668, stack(0x000000f25a600000,0x000000f25a700000)]
  0x000002158d4f5800 JavaThread "Unconstrained build operations Thread 17" [_thread_blocked, id=10272, stack(0x000000f25a700000,0x000000f25a800000)]
  0x000002158d4fc000 JavaThread "Unconstrained build operations Thread 18" [_thread_blocked, id=5552, stack(0x000000f25a800000,0x000000f25a900000)]
  0x000002158d4f9800 JavaThread "Unconstrained build operations Thread 19" [_thread_blocked, id=904, stack(0x000000f25a900000,0x000000f25aa00000)]
  0x000002158d4fc800 JavaThread "Unconstrained build operations Thread 20" [_thread_blocked, id=5908, stack(0x000000f25aa00000,0x000000f25ab00000)]
  0x000002158d4f8000 JavaThread "Unconstrained build operations Thread 21" [_thread_blocked, id=3868, stack(0x000000f25ab00000,0x000000f25ac00000)]
  0x00000215883ed800 JavaThread "Unconstrained build operations Thread 22" [_thread_blocked, id=7504, stack(0x000000f25ac00000,0x000000f25ad00000)]
  0x00000215883ee000 JavaThread "Unconstrained build operations Thread 23" [_thread_blocked, id=10976, stack(0x000000f25ad00000,0x000000f25ae00000)]
  0x00000215883ec800 JavaThread "Unconstrained build operations Thread 24" [_thread_blocked, id=1468, stack(0x000000f25ae00000,0x000000f25af00000)]
  0x00000215883ef000 JavaThread "Unconstrained build operations Thread 25" [_thread_blocked, id=9404, stack(0x000000f25af00000,0x000000f25b000000)]
  0x00000215883eb800 JavaThread "Unconstrained build operations Thread 26" [_thread_blocked, id=8532, stack(0x000000f25b000000,0x000000f25b100000)]
  0x00000215883ef800 JavaThread "Unconstrained build operations Thread 27" [_thread_blocked, id=9936, stack(0x000000f25b100000,0x000000f25b200000)]
  0x00000215883f0800 JavaThread "Unconstrained build operations Thread 28" [_thread_blocked, id=6804, stack(0x000000f25b200000,0x000000f25b300000)]
  0x00000215883eb000 JavaThread "Unconstrained build operations Thread 29" [_thread_blocked, id=14384, stack(0x000000f25b300000,0x000000f25b400000)]
  0x00000215883f4800 JavaThread "Unconstrained build operations Thread 30" [_thread_blocked, id=1164, stack(0x000000f25b400000,0x000000f25b500000)]
  0x00000215883f1800 JavaThread "Unconstrained build operations Thread 31" [_thread_blocked, id=3264, stack(0x000000f25b500000,0x000000f25b600000)]
  0x00000215883f6000 JavaThread "Unconstrained build operations Thread 32" [_thread_blocked, id=1996, stack(0x000000f25b600000,0x000000f25b700000)]
  0x00000215883f7000 JavaThread "Unconstrained build operations Thread 33" [_thread_blocked, id=13200, stack(0x000000f25b700000,0x000000f25b800000)]
  0x00000215883f8000 JavaThread "C2 CompilerThread1" daemon [_thread_in_vm, id=1892, stack(0x000000f25b800000,0x000000f25b900000)]
  0x00000215883f2000 JavaThread "build event listener" [_thread_blocked, id=7996, stack(0x000000f25b900000,0x000000f25ba00000)]
  0x00000215883f8800 JavaThread "C2 CompilerThread2" daemon [_thread_in_native, id=9728, stack(0x000000f25ba00000,0x000000f25bb00000)]
  0x000002158a8f2000 JavaThread "Cache worker for Build Output Cleanup Cache (C:\Users\USER\Desktop\toppay\android\.gradle\buildOutputCleanup)" [_thread_blocked, id=8432, stack(0x000000f25bb00000,0x000000f25bc00000)]
  0x000002158a8f5000 JavaThread "included builds" [_thread_blocked, id=9124, stack(0x000000f25bc00000,0x000000f25bd00000)]
  0x000002158a8ff000 JavaThread "Execution worker" [_thread_blocked, id=13012, stack(0x000000f25be00000,0x000000f25bf00000)]
  0x000002158a8fb000 JavaThread "Execution worker Thread 2" [_thread_blocked, id=9252, stack(0x000000f25c000000,0x000000f25c100000)]
  0x000002158a8fe000 JavaThread "Execution worker Thread 3" [_thread_blocked, id=7388, stack(0x000000f25c100000,0x000000f25c200000)]
  0x000002158a8fc800 JavaThread "Execution worker Thread 4" [_thread_blocked, id=10800, stack(0x000000f25c200000,0x000000f25c300000)]
  0x000002158a8fa000 JavaThread "Execution worker Thread 5" [_thread_blocked, id=7972, stack(0x000000f25c300000,0x000000f25c400000)]
  0x000002158a8fb800 JavaThread "Execution worker Thread 6" [_thread_blocked, id=6232, stack(0x000000f25c400000,0x000000f25c500000)]
  0x000002158a8fd800 JavaThread "Execution worker Thread 7" [_thread_blocked, id=8956, stack(0x000000f25c500000,0x000000f25c600000)]
  0x0000021589af1800 JavaThread "Cache worker for execution history cache (C:\Users\USER\Desktop\toppay\node_modules\react-native-gradle-plugin\.gradle\7.5.1\executionHistory)" [_thread_blocked, id=9152, stack(0x000000f25c600000,0x000000f25c700000)]
  0x0000021589aee000 JavaThread "Unconstrained build operations Thread 34" [_thread_blocked, id=13916, stack(0x000000f25c700000,0x000000f25c800000)]
  0x0000021589aef000 JavaThread "Unconstrained build operations Thread 35" [_thread_blocked, id=12944, stack(0x000000f25c800000,0x000000f25c900000)]
  0x0000021589af0800 JavaThread "Unconstrained build operations Thread 36" [_thread_blocked, id=10848, stack(0x000000f25c900000,0x000000f25ca00000)]
  0x0000021589aed800 JavaThread "Unconstrained build operations Thread 37" [_thread_blocked, id=9796, stack(0x000000f25ca00000,0x000000f25cb00000)]
  0x0000021589aef800 JavaThread "Unconstrained build operations Thread 38" [_thread_blocked, id=15144, stack(0x000000f25cb00000,0x000000f25cc00000)]
  0x0000021589aeb800 JavaThread "Unconstrained build operations Thread 39" [_thread_blocked, id=7756, stack(0x000000f25cc00000,0x000000f25cd00000)]
  0x0000021589af2000 JavaThread "Unconstrained build operations Thread 40" [_thread_blocked, id=12896, stack(0x000000f25cd00000,0x000000f25ce00000)]
  0x00000215946d6800 JavaThread "Unconstrained build operations Thread 41" [_thread_blocked, id=11072, stack(0x000000f25ce00000,0x000000f25cf00000)]
  0x00000215946d7800 JavaThread "Unconstrained build operations Thread 42" [_thread_blocked, id=14520, stack(0x000000f25cf00000,0x000000f25d000000)]
  0x00000215946d3000 JavaThread "Unconstrained build operations Thread 43" [_thread_blocked, id=9332, stack(0x000000f25d000000,0x000000f25d100000)]
  0x00000215946d5800 JavaThread "Unconstrained build operations Thread 44" [_thread_blocked, id=14780, stack(0x000000f25d100000,0x000000f25d200000)]
  0x00000215946d8000 JavaThread "Unconstrained build operations Thread 45" [_thread_blocked, id=12460, stack(0x000000f25d200000,0x000000f25d300000)]
  0x00000215946d5000 JavaThread "Unconstrained build operations Thread 46" [_thread_blocked, id=9176, stack(0x000000f25d300000,0x000000f25d400000)]
  0x00000215891c6800 JavaThread "Unconstrained build operations Thread 47" [_thread_blocked, id=2412, stack(0x000000f25d400000,0x000000f25d500000)]
  0x00000215891c4000 JavaThread "Unconstrained build operations Thread 48" [_thread_blocked, id=12512, stack(0x000000f25d500000,0x000000f25d600000)]
  0x00000215891c8000 JavaThread "Unconstrained build operations Thread 49" [_thread_blocked, id=5788, stack(0x000000f25d600000,0x000000f25d700000)]
  0x00000215948aa800 JavaThread "Unconstrained build operations Thread 50" [_thread_blocked, id=2056, stack(0x000000f25d700000,0x000000f25d800000)]
  0x00000215948ad000 JavaThread "Unconstrained build operations Thread 51" [_thread_blocked, id=4184, stack(0x000000f25d800000,0x000000f25d900000)]
  0x00000215948ac800 JavaThread "Unconstrained build operations Thread 52" [_thread_blocked, id=11524, stack(0x000000f25d900000,0x000000f25da00000)]
  0x00000215948aa000 JavaThread "Unconstrained build operations Thread 53" [_thread_blocked, id=14288, stack(0x000000f25da00000,0x000000f25db00000)]
  0x00000215948af000 JavaThread "Unconstrained build operations Thread 54" [_thread_blocked, id=7968, stack(0x000000f25db00000,0x000000f25dc00000)]
  0x00000215948ab800 JavaThread "Unconstrained build operations Thread 55" [_thread_blocked, id=8780, stack(0x000000f25dc00000,0x000000f25dd00000)]
  0x00000215948af800 JavaThread "Unconstrained build operations Thread 56" [_thread_blocked, id=10828, stack(0x000000f25dd00000,0x000000f25de00000)]
  0x00000215948b0800 JavaThread "Unconstrained build operations Thread 57" [_thread_blocked, id=8776, stack(0x000000f25de00000,0x000000f25df00000)]
  0x00000215948b1800 JavaThread "Unconstrained build operations Thread 58" [_thread_blocked, id=11676, stack(0x000000f25df00000,0x000000f25e000000)]
  0x00000215948b2000 JavaThread "Unconstrained build operations Thread 59" [_thread_blocked, id=8552, stack(0x000000f25e000000,0x000000f25e100000)]
  0x00000215948b3800 JavaThread "Unconstrained build operations Thread 60" [_thread_blocked, id=10360, stack(0x000000f25e100000,0x000000f25e200000)]
  0x00000215948b3000 JavaThread "Unconstrained build operations Thread 61" [_thread_blocked, id=8616, stack(0x000000f25e200000,0x000000f25e300000)]
  0x00000215948ae000 JavaThread "Unconstrained build operations Thread 62" [_thread_blocked, id=1612, stack(0x000000f25e300000,0x000000f25e400000)]
  0x00000215948b7000 JavaThread "Unconstrained build operations Thread 63" [_thread_blocked, id=7176, stack(0x000000f25e400000,0x000000f25e500000)]
  0x00000215948b8800 JavaThread "Unconstrained build operations Thread 64" [_thread_blocked, id=8252, stack(0x000000f25e500000,0x000000f25e600000)]
  0x00000215948b8000 JavaThread "Unconstrained build operations Thread 65" [_thread_blocked, id=13492, stack(0x000000f25e600000,0x000000f25e700000)]
  0x00000215948b4800 JavaThread "Unconstrained build operations Thread 66" [_thread_blocked, id=13004, stack(0x000000f25e700000,0x000000f25e800000)]
  0x00000215948b5800 JavaThread "Unconstrained build operations Thread 67" [_thread_blocked, id=8744, stack(0x000000f25e800000,0x000000f25e900000)]
  0x00000215948b6000 JavaThread "Unconstrained build operations Thread 68" [_thread_blocked, id=11020, stack(0x000000f25e900000,0x000000f25ea00000)]
  0x00000215933ed800 JavaThread "Unconstrained build operations Thread 69" [_thread_blocked, id=14344, stack(0x000000f25ea00000,0x000000f25eb00000)]
  0x00000215933ee800 JavaThread "Unconstrained build operations Thread 70" [_thread_blocked, id=1560, stack(0x000000f25eb00000,0x000000f25ec00000)]
  0x00000215933f5000 JavaThread "Unconstrained build operations Thread 71" [_thread_blocked, id=4732, stack(0x000000f25ec00000,0x000000f25ed00000)]
  0x00000215933f4000 JavaThread "Unconstrained build operations Thread 72" [_thread_blocked, id=4888, stack(0x000000f25ed00000,0x000000f25ee00000)]
  0x00000215933f3800 JavaThread "Unconstrained build operations Thread 73" [_thread_blocked, id=14148, stack(0x000000f25ee00000,0x000000f25ef00000)]
  0x00000215933ef000 JavaThread "Unconstrained build operations Thread 74" [_thread_blocked, id=984, stack(0x000000f25ef00000,0x000000f25f000000)]
  0x00000215933f6000 JavaThread "Unconstrained build operations Thread 75" [_thread_blocked, id=15196, stack(0x000000f25f000000,0x000000f25f100000)]
  0x00000215933f0000 JavaThread "Unconstrained build operations Thread 76" [_thread_blocked, id=10880, stack(0x000000f25f100000,0x000000f25f200000)]
  0x00000215933f6800 JavaThread "Unconstrained build operations Thread 77" [_thread_blocked, id=13700, stack(0x000000f25f200000,0x000000f25f300000)]
  0x00000215933f1000 JavaThread "Unconstrained build operations Thread 78" [_thread_blocked, id=14044, stack(0x000000f25f300000,0x000000f25f400000)]
  0x00000215933f2800 JavaThread "Unconstrained build operations Thread 79" [_thread_blocked, id=11712, stack(0x000000f25f400000,0x000000f25f500000)]
  0x00000215933f7800 JavaThread "Unconstrained build operations Thread 80" [_thread_blocked, id=2520, stack(0x000000f25f500000,0x000000f25f600000)]

Other Threads:
  0x000002158690b800 VMThread "VM Thread" [stack: 0x000000f256700000,0x000000f256800000] [id=7744]
  0x0000021587427000 WatcherThread [stack: 0x000000f257100000,0x000000f257200000] [id=11080]
  0x00000215e7c73800 GCTaskThread "GC Thread#0" [stack: 0x000000f256200000,0x000000f256300000] [id=9364]
  0x000002158892d800 GCTaskThread "GC Thread#1" [stack: 0x000000f257400000,0x000000f257500000] [id=4124]
  0x00000215883d6800 GCTaskThread "GC Thread#2" [stack: 0x000000f257500000,0x000000f257600000] [id=10284]
  0x00000215894b8800 GCTaskThread "GC Thread#3" [stack: 0x000000f257f00000,0x000000f258000000] [id=1780]
  0x00000215888d1000 GCTaskThread "GC Thread#4" [stack: 0x000000f258000000,0x000000f258100000] [id=11956]
  0x00000215888d2000 GCTaskThread "GC Thread#5" [stack: 0x000000f258100000,0x000000f258200000] [id=13944]
  0x000002158a84b800 GCTaskThread "GC Thread#6" [stack: 0x000000f258200000,0x000000f258300000] [id=11988]
  0x000002158a84c800 GCTaskThread "GC Thread#7" [stack: 0x000000f258300000,0x000000f258400000] [id=3748]
  0x00000215e7ca5800 ConcurrentGCThread "G1 Main Marker" [stack: 0x000000f256300000,0x000000f256400000] [id=3988]
=>0x00000215e7ca6800 ConcurrentGCThread "G1 Conc#0" [stack: 0x000000f256400000,0x000000f256500000] [id=8644]
  0x00000215883d3000 ConcurrentGCThread "G1 Conc#1" [stack: 0x000000f258700000,0x000000f258800000] [id=9348]
  0x0000021586780800 ConcurrentGCThread "G1 Refine#0" [stack: 0x000000f256500000,0x000000f256600000] [id=13248]
  0x00000215e7d37800 ConcurrentGCThread "G1 Young RemSet Sampling" [stack: 0x000000f256600000,0x000000f256700000] [id=13736]

Threads with active compile tasks:
C2 CompilerThread024095       4       kotlin.reflect.jvm.internal.impl.descriptors.runtime.structure.ReflectClassUtilKt::getClassId (203 bytes)
C2 CompilerThread124136       4       org.gradle.internal.extensibility.ConventionAwareHelper::getConventionValue (109 bytes)
C2 CompilerThread224185       4       org.gradle.internal.vfs.impl.DefaultFileSystemAccess::snapshot (127 bytes)

VM state:not at safepoint (normal execution)

VM Mutex/Monitor currently owned by a thread: None

Heap address: 0x0000000080000000, size: 2048 MB, Compressed Oops mode: 32-bit
Narrow klass base: 0x0000000000000000, Narrow klass shift: 3
Compressed class space size: 528482304 Address: 0x0000000100000000

Heap:
 garbage-first heap   total 328704K, used 228356K [0x0000000080000000, 0x0000000100000000)
  region size 1024K, 9 young (9216K), 4 survivors (4096K)
 Metaspace       used 130517K, capacity 135958K, committed 136140K, reserved 634880K
  class space    used 16733K, capacity 18741K, committed 18764K, reserved 516096K
Heap Regions: E=young(eden), S=young(survivor), O=old, HS=humongous(starts), HC=humongous(continues), CS=collection set, F=free, A=archive, TAMS=top-at-mark-start (previous, next)
|   0|0x0000000080000000, 0x0000000080100000, 0x0000000080100000|100%| O|  |TAMS 0x0000000080100000, 0x0000000080100000| Untracked 
|   1|0x0000000080100000, 0x0000000080200000, 0x0000000080200000|100%| O|  |TAMS 0x0000000080200000, 0x0000000080200000| Untracked 
|   2|0x0000000080200000, 0x0000000080300000, 0x0000000080300000|100%| O|  |TAMS 0x0000000080300000, 0x0000000080300000| Untracked 
|   3|0x0000000080300000, 0x0000000080400000, 0x0000000080400000|100%|HS|  |TAMS 0x0000000080400000, 0x0000000080400000| Complete 
|   4|0x0000000080400000, 0x0000000080500000, 0x0000000080500000|100%|HC|  |TAMS 0x0000000080500000, 0x0000000080500000| Complete 
|   5|0x0000000080500000, 0x0000000080600000, 0x0000000080600000|100%|HC|  |TAMS 0x0000000080600000, 0x0000000080600000| Complete 
|   6|0x0000000080600000, 0x0000000080700000, 0x0000000080700000|100%| O|  |TAMS 0x0000000080700000, 0x0000000080700000| Untracked 
|   7|0x0000000080700000, 0x0000000080800000, 0x0000000080800000|100%| O|  |TAMS 0x0000000080800000, 0x0000000080800000| Untracked 
|   8|0x0000000080800000, 0x0000000080900000, 0x0000000080900000|100%| O|  |TAMS 0x0000000080900000, 0x0000000080900000| Untracked 
|   9|0x0000000080900000, 0x0000000080a00000, 0x0000000080a00000|100%| O|  |TAMS 0x0000000080a00000, 0x0000000080a00000| Untracked 
|  10|0x0000000080a00000, 0x0000000080b00000, 0x0000000080b00000|100%| O|  |TAMS 0x0000000080b00000, 0x0000000080b00000| Untracked 
|  11|0x0000000080b00000, 0x0000000080c00000, 0x0000000080c00000|100%| O|  |TAMS 0x0000000080c00000, 0x0000000080c00000| Untracked 
|  12|0x0000000080c00000, 0x0000000080d00000, 0x0000000080d00000|100%| O|  |TAMS 0x0000000080d00000, 0x0000000080d00000| Untracked 
|  13|0x0000000080d00000, 0x0000000080e00000, 0x0000000080e00000|100%| O|  |TAMS 0x0000000080e00000, 0x0000000080e00000| Untracked 
|  14|0x0000000080e00000, 0x0000000080f00000, 0x0000000080f00000|100%| O|  |TAMS 0x0000000080f00000, 0x0000000080f00000| Untracked 
|  15|0x0000000080f00000, 0x0000000081000000, 0x0000000081000000|100%| O|  |TAMS 0x0000000081000000, 0x0000000081000000| Untracked 
|  16|0x0000000081000000, 0x0000000081100000, 0x0000000081100000|100%|HS|  |TAMS 0x0000000081100000, 0x0000000081100000| Complete 
|  17|0x0000000081100000, 0x0000000081200000, 0x0000000081200000|100%| O|  |TAMS 0x0000000081200000, 0x0000000081200000| Untracked 
|  18|0x0000000081200000, 0x0000000081300000, 0x0000000081300000|100%| O|  |TAMS 0x0000000081300000, 0x0000000081300000| Untracked 
|  19|0x0000000081300000, 0x0000000081400000, 0x0000000081400000|100%| O|  |TAMS 0x0000000081400000, 0x0000000081400000| Untracked 
|  20|0x0000000081400000, 0x0000000081500000, 0x0000000081500000|100%| O|  |TAMS 0x0000000081500000, 0x0000000081500000| Untracked 
|  21|0x0000000081500000, 0x0000000081600000, 0x0000000081600000|100%| O|  |TAMS 0x0000000081600000, 0x0000000081600000| Untracked 
|  22|0x0000000081600000, 0x0000000081700000, 0x0000000081700000|100%| O|  |TAMS 0x0000000081700000, 0x0000000081700000| Untracked 
|  23|0x0000000081700000, 0x0000000081800000, 0x0000000081800000|100%| O|  |TAMS 0x0000000081800000, 0x0000000081800000| Untracked 
|  24|0x0000000081800000, 0x0000000081900000, 0x0000000081900000|100%| O|  |TAMS 0x0000000081900000, 0x0000000081900000| Untracked 
|  25|0x0000000081900000, 0x0000000081a00000, 0x0000000081a00000|100%| O|  |TAMS 0x0000000081a00000, 0x0000000081a00000| Untracked 
|  26|0x0000000081a00000, 0x0000000081b00000, 0x0000000081b00000|100%| O|  |TAMS 0x0000000081b00000, 0x0000000081b00000| Untracked 
|  27|0x0000000081b00000, 0x0000000081c00000, 0x0000000081c00000|100%| O|  |TAMS 0x0000000081c00000, 0x0000000081c00000| Untracked 
|  28|0x0000000081c00000, 0x0000000081d00000, 0x0000000081d00000|100%| O|  |TAMS 0x0000000081d00000, 0x0000000081d00000| Untracked 
|  29|0x0000000081d00000, 0x0000000081e00000, 0x0000000081e00000|100%| O|  |TAMS 0x0000000081e00000, 0x0000000081e00000| Untracked 
|  30|0x0000000081e00000, 0x0000000081f00000, 0x0000000081f00000|100%|HS|  |TAMS 0x0000000081f00000, 0x0000000081f00000| Complete 
|  31|0x0000000081f00000, 0x0000000082000000, 0x0000000082000000|100%|HC|  |TAMS 0x0000000082000000, 0x0000000082000000| Complete 
|  32|0x0000000082000000, 0x0000000082100000, 0x0000000082100000|100%|HC|  |TAMS 0x0000000082100000, 0x0000000082100000| Complete 
|  33|0x0000000082100000, 0x0000000082200000, 0x0000000082200000|100%| O|  |TAMS 0x0000000082200000, 0x0000000082200000| Untracked 
|  34|0x0000000082200000, 0x0000000082300000, 0x0000000082300000|100%| O|  |TAMS 0x0000000082300000, 0x0000000082300000| Untracked 
|  35|0x0000000082300000, 0x0000000082400000, 0x0000000082400000|100%| O|  |TAMS 0x0000000082400000, 0x0000000082400000| Untracked 
|  36|0x0000000082400000, 0x0000000082500000, 0x0000000082500000|100%| O|  |TAMS 0x0000000082500000, 0x0000000082500000| Untracked 
|  37|0x0000000082500000, 0x0000000082600000, 0x0000000082600000|100%| O|  |TAMS 0x0000000082600000, 0x0000000082600000| Untracked 
|  38|0x0000000082600000, 0x0000000082700000, 0x0000000082700000|100%| O|  |TAMS 0x0000000082700000, 0x0000000082700000| Untracked 
|  39|0x0000000082700000, 0x0000000082800000, 0x0000000082800000|100%| O|  |TAMS 0x0000000082800000, 0x0000000082800000| Untracked 
|  40|0x0000000082800000, 0x0000000082900000, 0x0000000082900000|100%| O|  |TAMS 0x0000000082900000, 0x0000000082900000| Untracked 
|  41|0x0000000082900000, 0x0000000082a00000, 0x0000000082a00000|100%| O|  |TAMS 0x0000000082a00000, 0x0000000082a00000| Untracked 
|  42|0x0000000082a00000, 0x0000000082b00000, 0x0000000082b00000|100%| O|  |TAMS 0x0000000082b00000, 0x0000000082b00000| Untracked 
|  43|0x0000000082b00000, 0x0000000082c00000, 0x0000000082c00000|100%| O|  |TAMS 0x0000000082c00000, 0x0000000082c00000| Untracked 
|  44|0x0000000082c00000, 0x0000000082d00000, 0x0000000082d00000|100%|HS|  |TAMS 0x0000000082d00000, 0x0000000082d00000| Complete 
|  45|0x0000000082d00000, 0x0000000082e00000, 0x0000000082e00000|100%|HS|  |TAMS 0x0000000082e00000, 0x0000000082e00000| Complete 
|  46|0x0000000082e00000, 0x0000000082f00000, 0x0000000082f00000|100%| O|  |TAMS 0x0000000082f00000, 0x0000000082f00000| Untracked 
|  47|0x0000000082f00000, 0x0000000083000000, 0x0000000083000000|100%| O|  |TAMS 0x0000000083000000, 0x0000000083000000| Untracked 
|  48|0x0000000083000000, 0x0000000083100000, 0x0000000083100000|100%| O|  |TAMS 0x0000000083100000, 0x0000000083100000| Untracked 
|  49|0x0000000083100000, 0x0000000083200000, 0x0000000083200000|100%| O|  |TAMS 0x0000000083200000, 0x0000000083200000| Untracked 
|  50|0x0000000083200000, 0x0000000083300000, 0x0000000083300000|100%| O|  |TAMS 0x0000000083300000, 0x0000000083300000| Untracked 
|  51|0x0000000083300000, 0x0000000083400000, 0x0000000083400000|100%|HS|  |TAMS 0x0000000083400000, 0x0000000083400000| Complete 
|  52|0x0000000083400000, 0x0000000083500000, 0x0000000083500000|100%|HC|  |TAMS 0x0000000083500000, 0x0000000083500000| Complete 
|  53|0x0000000083500000, 0x0000000083600000, 0x0000000083600000|100%| O|  |TAMS 0x0000000083600000, 0x0000000083600000| Untracked 
|  54|0x0000000083600000, 0x0000000083700000, 0x0000000083700000|100%| O|  |TAMS 0x0000000083700000, 0x0000000083700000| Untracked 
|  55|0x0000000083700000, 0x0000000083800000, 0x0000000083800000|100%| O|  |TAMS 0x0000000083800000, 0x0000000083800000| Untracked 
|  56|0x0000000083800000, 0x0000000083900000, 0x0000000083900000|100%| O|  |TAMS 0x0000000083900000, 0x0000000083900000| Untracked 
|  57|0x0000000083900000, 0x0000000083a00000, 0x0000000083a00000|100%| O|  |TAMS 0x0000000083a00000, 0x0000000083a00000| Untracked 
|  58|0x0000000083a00000, 0x0000000083b00000, 0x0000000083b00000|100%| O|  |TAMS 0x0000000083b00000, 0x0000000083b00000| Untracked 
|  59|0x0000000083b00000, 0x0000000083c00000, 0x0000000083c00000|100%| O|  |TAMS 0x0000000083c00000, 0x0000000083c00000| Untracked 
|  60|0x0000000083c00000, 0x0000000083d00000, 0x0000000083d00000|100%| O|  |TAMS 0x0000000083d00000, 0x0000000083d00000| Untracked 
|  61|0x0000000083d00000, 0x0000000083d00000, 0x0000000083e00000|  0%| F|  |TAMS 0x0000000083d00000, 0x0000000083d00000| Untracked 
|  62|0x0000000083e00000, 0x0000000083f00000, 0x0000000083f00000|100%| O|  |TAMS 0x0000000083f00000, 0x0000000083f00000| Untracked 
|  63|0x0000000083f00000, 0x0000000084000000, 0x0000000084000000|100%| O|  |TAMS 0x0000000084000000, 0x0000000084000000| Untracked 
|  64|0x0000000084000000, 0x0000000084000000, 0x0000000084100000|  0%| F|  |TAMS 0x0000000084000000, 0x0000000084000000| Untracked 
|  65|0x0000000084100000, 0x0000000084200000, 0x0000000084200000|100%| O|  |TAMS 0x0000000084200000, 0x0000000084200000| Untracked 
|  66|0x0000000084200000, 0x0000000084300000, 0x0000000084300000|100%| O|  |TAMS 0x0000000084300000, 0x0000000084300000| Untracked 
|  67|0x0000000084300000, 0x0000000084400000, 0x0000000084400000|100%| O|  |TAMS 0x0000000084400000, 0x0000000084400000| Untracked 
|  68|0x0000000084400000, 0x0000000084500000, 0x0000000084500000|100%| O|  |TAMS 0x0000000084500000, 0x0000000084500000| Untracked 
|  69|0x0000000084500000, 0x0000000084600000, 0x0000000084600000|100%| O|  |TAMS 0x0000000084600000, 0x0000000084600000| Untracked 
|  70|0x0000000084600000, 0x0000000084700000, 0x0000000084700000|100%| O|  |TAMS 0x0000000084700000, 0x0000000084700000| Untracked 
|  71|0x0000000084700000, 0x0000000084800000, 0x0000000084800000|100%| O|  |TAMS 0x0000000084800000, 0x0000000084800000| Untracked 
|  72|0x0000000084800000, 0x0000000084900000, 0x0000000084900000|100%| O|  |TAMS 0x0000000084900000, 0x0000000084900000| Untracked 
|  73|0x0000000084900000, 0x0000000084a00000, 0x0000000084a00000|100%| O|  |TAMS 0x0000000084a00000, 0x0000000084a00000| Untracked 
|  74|0x0000000084a00000, 0x0000000084b00000, 0x0000000084b00000|100%| O|  |TAMS 0x0000000084b00000, 0x0000000084b00000| Untracked 
|  75|0x0000000084b00000, 0x0000000084c00000, 0x0000000084c00000|100%| O|  |TAMS 0x0000000084c00000, 0x0000000084c00000| Untracked 
|  76|0x0000000084c00000, 0x0000000084d00000, 0x0000000084d00000|100%| O|  |TAMS 0x0000000084d00000, 0x0000000084d00000| Untracked 
|  77|0x0000000084d00000, 0x0000000084e00000, 0x0000000084e00000|100%| O|  |TAMS 0x0000000084e00000, 0x0000000084e00000| Untracked 
|  78|0x0000000084e00000, 0x0000000084f00000, 0x0000000084f00000|100%| O|  |TAMS 0x0000000084f00000, 0x0000000084f00000| Untracked 
|  79|0x0000000084f00000, 0x0000000085000000, 0x0000000085000000|100%| O|  |TAMS 0x0000000084f00000, 0x0000000085000000| Untracked 
|  80|0x0000000085000000, 0x0000000085100000, 0x0000000085100000|100%| O|  |TAMS 0x0000000085100000, 0x0000000085100000| Untracked 
|  81|0x0000000085100000, 0x0000000085200000, 0x0000000085200000|100%| O|  |TAMS 0x0000000085200000, 0x0000000085200000| Untracked 
|  82|0x0000000085200000, 0x0000000085300000, 0x0000000085300000|100%| O|  |TAMS 0x0000000085300000, 0x0000000085300000| Untracked 
|  83|0x0000000085300000, 0x0000000085300000, 0x0000000085400000|  0%| F|  |TAMS 0x0000000085300000, 0x0000000085300000| Untracked 
|  84|0x0000000085400000, 0x0000000085500000, 0x0000000085500000|100%| O|  |TAMS 0x0000000085500000, 0x0000000085500000| Untracked 
|  85|0x0000000085500000, 0x0000000085600000, 0x0000000085600000|100%| O|  |TAMS 0x0000000085600000, 0x0000000085600000| Untracked 
|  86|0x0000000085600000, 0x0000000085700000, 0x0000000085700000|100%| O|  |TAMS 0x0000000085700000, 0x0000000085700000| Untracked 
|  87|0x0000000085700000, 0x0000000085800000, 0x0000000085800000|100%| O|  |TAMS 0x0000000085800000, 0x0000000085800000| Untracked 
|  88|0x0000000085800000, 0x0000000085900000, 0x0000000085900000|100%| O|  |TAMS 0x0000000085900000, 0x0000000085900000| Untracked 
|  89|0x0000000085900000, 0x0000000085900000, 0x0000000085a00000|  0%| F|  |TAMS 0x0000000085900000, 0x0000000085900000| Untracked 
|  90|0x0000000085a00000, 0x0000000085b00000, 0x0000000085b00000|100%| O|  |TAMS 0x0000000085b00000, 0x0000000085b00000| Untracked 
|  91|0x0000000085b00000, 0x0000000085c00000, 0x0000000085c00000|100%| O|  |TAMS 0x0000000085c00000, 0x0000000085c00000| Untracked 
|  92|0x0000000085c00000, 0x0000000085d00000, 0x0000000085d00000|100%|HS|  |TAMS 0x0000000085d00000, 0x0000000085d00000| Complete 
|  93|0x0000000085d00000, 0x0000000085e00000, 0x0000000085e00000|100%|HS|  |TAMS 0x0000000085e00000, 0x0000000085e00000| Complete 
|  94|0x0000000085e00000, 0x0000000085f00000, 0x0000000085f00000|100%|HS|  |TAMS 0x0000000085f00000, 0x0000000085f00000| Complete 
|  95|0x0000000085f00000, 0x0000000086000000, 0x0000000086000000|100%|HS|  |TAMS 0x0000000086000000, 0x0000000086000000| Complete 
|  96|0x0000000086000000, 0x0000000086100000, 0x0000000086100000|100%|HC|  |TAMS 0x0000000086100000, 0x0000000086100000| Complete 
|  97|0x0000000086100000, 0x0000000086200000, 0x0000000086200000|100%|HC|  |TAMS 0x0000000086200000, 0x0000000086200000| Complete 
|  98|0x0000000086200000, 0x0000000086300000, 0x0000000086300000|100%| O|  |TAMS 0x0000000086300000, 0x0000000086300000| Untracked 
|  99|0x0000000086300000, 0x0000000086400000, 0x0000000086400000|100%| O|  |TAMS 0x0000000086400000, 0x0000000086400000| Untracked 
| 100|0x0000000086400000, 0x0000000086400000, 0x0000000086500000|  0%| F|  |TAMS 0x0000000086400000, 0x0000000086400000| Untracked 
| 101|0x0000000086500000, 0x0000000086600000, 0x0000000086600000|100%| O|  |TAMS 0x0000000086600000, 0x0000000086600000| Untracked 
| 102|0x0000000086600000, 0x0000000086700000, 0x0000000086700000|100%| O|  |TAMS 0x0000000086700000, 0x0000000086700000| Untracked 
| 103|0x0000000086700000, 0x0000000086800000, 0x0000000086800000|100%| O|  |TAMS 0x0000000086800000, 0x0000000086800000| Untracked 
| 104|0x0000000086800000, 0x0000000086900000, 0x0000000086900000|100%| O|  |TAMS 0x0000000086900000, 0x0000000086900000| Untracked 
| 105|0x0000000086900000, 0x0000000086a00000, 0x0000000086a00000|100%| O|  |TAMS 0x0000000086a00000, 0x0000000086a00000| Untracked 
| 106|0x0000000086a00000, 0x0000000086b00000, 0x0000000086b00000|100%| O|  |TAMS 0x0000000086b00000, 0x0000000086b00000| Untracked 
| 107|0x0000000086b00000, 0x0000000086c00000, 0x0000000086c00000|100%| O|  |TAMS 0x0000000086c00000, 0x0000000086c00000| Untracked 
| 108|0x0000000086c00000, 0x0000000086d00000, 0x0000000086d00000|100%| O|  |TAMS 0x0000000086d00000, 0x0000000086d00000| Untracked 
| 109|0x0000000086d00000, 0x0000000086e00000, 0x0000000086e00000|100%| O|  |TAMS 0x0000000086e00000, 0x0000000086e00000| Untracked 
| 110|0x0000000086e00000, 0x0000000086f00000, 0x0000000086f00000|100%|HS|  |TAMS 0x0000000086f00000, 0x0000000086f00000| Complete 
| 111|0x0000000086f00000, 0x0000000087000000, 0x0000000087000000|100%|HC|  |TAMS 0x0000000087000000, 0x0000000087000000| Complete 
| 112|0x0000000087000000, 0x0000000087100000, 0x0000000087100000|100%|HS|  |TAMS 0x0000000087100000, 0x0000000087100000| Complete 
| 113|0x0000000087100000, 0x0000000087200000, 0x0000000087200000|100%|HC|  |TAMS 0x0000000087200000, 0x0000000087200000| Complete 
| 114|0x0000000087200000, 0x0000000087300000, 0x0000000087300000|100%| O|  |TAMS 0x0000000087300000, 0x0000000087300000| Untracked 
| 115|0x0000000087300000, 0x0000000087400000, 0x0000000087400000|100%| O|  |TAMS 0x0000000087400000, 0x0000000087400000| Untracked 
| 116|0x0000000087400000, 0x0000000087500000, 0x0000000087500000|100%| O|  |TAMS 0x0000000087500000, 0x0000000087500000| Untracked 
| 117|0x0000000087500000, 0x0000000087600000, 0x0000000087600000|100%| O|  |TAMS 0x0000000087600000, 0x0000000087600000| Untracked 
| 118|0x0000000087600000, 0x0000000087700000, 0x0000000087700000|100%| O|  |TAMS 0x0000000087700000, 0x0000000087700000| Untracked 
| 119|0x0000000087700000, 0x0000000087800000, 0x0000000087800000|100%| O|  |TAMS 0x0000000087800000, 0x0000000087800000| Untracked 
| 120|0x0000000087800000, 0x0000000087900000, 0x0000000087900000|100%| O|  |TAMS 0x0000000087900000, 0x0000000087900000| Untracked 
| 121|0x0000000087900000, 0x0000000087a00000, 0x0000000087a00000|100%| O|  |TAMS 0x0000000087a00000, 0x0000000087a00000| Untracked 
| 122|0x0000000087a00000, 0x0000000087b00000, 0x0000000087b00000|100%| O|  |TAMS 0x0000000087b00000, 0x0000000087b00000| Untracked 
| 123|0x0000000087b00000, 0x0000000087c00000, 0x0000000087c00000|100%| O|  |TAMS 0x0000000087c00000, 0x0000000087c00000| Untracked 
| 124|0x0000000087c00000, 0x0000000087d00000, 0x0000000087d00000|100%| O|  |TAMS 0x0000000087d00000, 0x0000000087d00000| Untracked 
| 125|0x0000000087d00000, 0x0000000087e00000, 0x0000000087e00000|100%| O|  |TAMS 0x0000000087e00000, 0x0000000087e00000| Untracked 
| 126|0x0000000087e00000, 0x0000000087f00000, 0x0000000087f00000|100%| O|  |TAMS 0x0000000087f00000, 0x0000000087f00000| Untracked 
| 127|0x0000000087f00000, 0x0000000088000000, 0x0000000088000000|100%| O|  |TAMS 0x0000000088000000, 0x0000000088000000| Untracked 
| 128|0x0000000088000000, 0x0000000088100000, 0x0000000088100000|100%| O|  |TAMS 0x0000000088100000, 0x0000000088100000| Untracked 
| 129|0x0000000088100000, 0x0000000088200000, 0x0000000088200000|100%|HS|  |TAMS 0x0000000088200000, 0x0000000088200000| Complete 
| 130|0x0000000088200000, 0x0000000088300000, 0x0000000088300000|100%|HS|  |TAMS 0x0000000088300000, 0x0000000088300000| Complete 
| 131|0x0000000088300000, 0x0000000088400000, 0x0000000088400000|100%|HC|  |TAMS 0x0000000088400000, 0x0000000088400000| Complete 
| 132|0x0000000088400000, 0x0000000088500000, 0x0000000088500000|100%|HC|  |TAMS 0x0000000088500000, 0x0000000088500000| Complete 
| 133|0x0000000088500000, 0x0000000088600000, 0x0000000088600000|100%| O|  |TAMS 0x0000000088600000, 0x0000000088600000| Untracked 
| 134|0x0000000088600000, 0x0000000088700000, 0x0000000088700000|100%|HS|  |TAMS 0x0000000088700000, 0x0000000088700000| Complete 
| 135|0x0000000088700000, 0x0000000088800000, 0x0000000088800000|100%| O|  |TAMS 0x0000000088800000, 0x0000000088800000| Untracked 
| 136|0x0000000088800000, 0x0000000088900000, 0x0000000088900000|100%| O|  |TAMS 0x0000000088900000, 0x0000000088900000| Untracked 
| 137|0x0000000088900000, 0x0000000088a00000, 0x0000000088a00000|100%| O|  |TAMS 0x0000000088a00000, 0x0000000088a00000| Untracked 
| 138|0x0000000088a00000, 0x0000000088a00000, 0x0000000088b00000|  0%| F|  |TAMS 0x0000000088a00000, 0x0000000088a00000| Untracked 
| 139|0x0000000088b00000, 0x0000000088c00000, 0x0000000088c00000|100%| O|  |TAMS 0x0000000088c00000, 0x0000000088c00000| Untracked 
| 140|0x0000000088c00000, 0x0000000088d00000, 0x0000000088d00000|100%| O|  |TAMS 0x0000000088d00000, 0x0000000088d00000| Untracked 
| 141|0x0000000088d00000, 0x0000000088e00000, 0x0000000088e00000|100%| O|  |TAMS 0x0000000088e00000, 0x0000000088e00000| Untracked 
| 142|0x0000000088e00000, 0x0000000088f00000, 0x0000000088f00000|100%| O|  |TAMS 0x0000000088f00000, 0x0000000088f00000| Untracked 
| 143|0x0000000088f00000, 0x0000000089000000, 0x0000000089000000|100%| O|  |TAMS 0x0000000089000000, 0x0000000089000000| Untracked 
| 144|0x0000000089000000, 0x0000000089100000, 0x0000000089100000|100%| O|  |TAMS 0x0000000089100000, 0x0000000089100000| Untracked 
| 145|0x0000000089100000, 0x0000000089200000, 0x0000000089200000|100%| O|  |TAMS 0x0000000089200000, 0x0000000089200000| Untracked 
| 146|0x0000000089200000, 0x0000000089300000, 0x0000000089300000|100%| O|  |TAMS 0x0000000089300000, 0x0000000089300000| Untracked 
| 147|0x0000000089300000, 0x0000000089400000, 0x0000000089400000|100%| O|  |TAMS 0x0000000089400000, 0x0000000089400000| Untracked 
| 148|0x0000000089400000, 0x0000000089500000, 0x0000000089500000|100%| O|  |TAMS 0x0000000089500000, 0x0000000089500000| Untracked 
| 149|0x0000000089500000, 0x0000000089600000, 0x0000000089600000|100%| O|  |TAMS 0x0000000089600000, 0x0000000089600000| Untracked 
| 150|0x0000000089600000, 0x0000000089700000, 0x0000000089700000|100%| O|  |TAMS 0x0000000089700000, 0x0000000089700000| Untracked 
| 151|0x0000000089700000, 0x0000000089800000, 0x0000000089800000|100%| O|  |TAMS 0x0000000089800000, 0x0000000089800000| Untracked 
| 152|0x0000000089800000, 0x0000000089900000, 0x0000000089900000|100%| O|  |TAMS 0x0000000089900000, 0x0000000089900000| Untracked 
| 153|0x0000000089900000, 0x0000000089a00000, 0x0000000089a00000|100%| O|  |TAMS 0x0000000089a00000, 0x0000000089a00000| Untracked 
| 154|0x0000000089a00000, 0x0000000089b00000, 0x0000000089b00000|100%| O|  |TAMS 0x0000000089b00000, 0x0000000089b00000| Untracked 
| 155|0x0000000089b00000, 0x0000000089c00000, 0x0000000089c00000|100%| O|  |TAMS 0x0000000089c00000, 0x0000000089c00000| Untracked 
| 156|0x0000000089c00000, 0x0000000089d00000, 0x0000000089d00000|100%| O|  |TAMS 0x0000000089c00000, 0x0000000089d00000| Untracked 
| 157|0x0000000089d00000, 0x0000000089e00000, 0x0000000089e00000|100%| O|  |TAMS 0x0000000089e00000, 0x0000000089e00000| Untracked 
| 158|0x0000000089e00000, 0x0000000089f00000, 0x0000000089f00000|100%| O|  |TAMS 0x0000000089e00000, 0x0000000089f00000| Untracked 
| 159|0x0000000089f00000, 0x000000008a000000, 0x000000008a000000|100%| O|  |TAMS 0x000000008a000000, 0x000000008a000000| Untracked 
| 160|0x000000008a000000, 0x000000008a100000, 0x000000008a100000|100%| O|  |TAMS 0x000000008a100000, 0x000000008a100000| Untracked 
| 161|0x000000008a100000, 0x000000008a200000, 0x000000008a200000|100%| O|  |TAMS 0x000000008a100000, 0x000000008a200000| Untracked 
| 162|0x000000008a200000, 0x000000008a300000, 0x000000008a300000|100%| O|  |TAMS 0x000000008a200000, 0x000000008a300000| Untracked 
| 163|0x000000008a300000, 0x000000008a400000, 0x000000008a400000|100%| O|  |TAMS 0x000000008a400000, 0x000000008a400000| Untracked 
| 164|0x000000008a400000, 0x000000008a500000, 0x000000008a500000|100%| O|  |TAMS 0x000000008a500000, 0x000000008a500000| Untracked 
| 165|0x000000008a500000, 0x000000008a600000, 0x000000008a600000|100%| O|  |TAMS 0x000000008a600000, 0x000000008a600000| Untracked 
| 166|0x000000008a600000, 0x000000008a700000, 0x000000008a700000|100%| O|  |TAMS 0x000000008a700000, 0x000000008a700000| Untracked 
| 167|0x000000008a700000, 0x000000008a800000, 0x000000008a800000|100%| O|  |TAMS 0x000000008a700000, 0x000000008a800000| Untracked 
| 168|0x000000008a800000, 0x000000008a900000, 0x000000008a900000|100%| O|  |TAMS 0x000000008a900000, 0x000000008a900000| Untracked 
| 169|0x000000008a900000, 0x000000008aa00000, 0x000000008aa00000|100%| O|  |TAMS 0x000000008aa00000, 0x000000008aa00000| Untracked 
| 170|0x000000008aa00000, 0x000000008ab00000, 0x000000008ab00000|100%| O|  |TAMS 0x000000008ab00000, 0x000000008ab00000| Untracked 
| 171|0x000000008ab00000, 0x000000008ac00000, 0x000000008ac00000|100%| O|  |TAMS 0x000000008ac00000, 0x000000008ac00000| Untracked 
| 172|0x000000008ac00000, 0x000000008ad00000, 0x000000008ad00000|100%| O|  |TAMS 0x000000008ad00000, 0x000000008ad00000| Untracked 
| 173|0x000000008ad00000, 0x000000008ae00000, 0x000000008ae00000|100%| O|  |TAMS 0x000000008ae00000, 0x000000008ae00000| Untracked 
| 174|0x000000008ae00000, 0x000000008af00000, 0x000000008af00000|100%| O|  |TAMS 0x000000008af00000, 0x000000008af00000| Untracked 
| 175|0x000000008af00000, 0x000000008b000000, 0x000000008b000000|100%| O|  |TAMS 0x000000008b000000, 0x000000008b000000| Untracked 
| 176|0x000000008b000000, 0x000000008b100000, 0x000000008b100000|100%| O|  |TAMS 0x000000008b100000, 0x000000008b100000| Untracked 
| 177|0x000000008b100000, 0x000000008b200000, 0x000000008b200000|100%| O|  |TAMS 0x000000008b200000, 0x000000008b200000| Untracked 
| 178|0x000000008b200000, 0x000000008b300000, 0x000000008b300000|100%| O|  |TAMS 0x000000008b300000, 0x000000008b300000| Untracked 
| 179|0x000000008b300000, 0x000000008b400000, 0x000000008b400000|100%| O|  |TAMS 0x000000008b400000, 0x000000008b400000| Untracked 
| 180|0x000000008b400000, 0x000000008b500000, 0x000000008b500000|100%| O|  |TAMS 0x000000008b500000, 0x000000008b500000| Untracked 
| 181|0x000000008b500000, 0x000000008b500000, 0x000000008b600000|  0%| F|  |TAMS 0x000000008b500000, 0x000000008b500000| Untracked 
| 182|0x000000008b600000, 0x000000008b700000, 0x000000008b700000|100%| O|  |TAMS 0x000000008b700000, 0x000000008b700000| Untracked 
| 183|0x000000008b700000, 0x000000008b800000, 0x000000008b800000|100%| O|  |TAMS 0x000000008b800000, 0x000000008b800000| Untracked 
| 184|0x000000008b800000, 0x000000008b900000, 0x000000008b900000|100%| O|  |TAMS 0x000000008b900000, 0x000000008b900000| Untracked 
| 185|0x000000008b900000, 0x000000008ba00000, 0x000000008ba00000|100%| O|  |TAMS 0x000000008ba00000, 0x000000008ba00000| Untracked 
| 186|0x000000008ba00000, 0x000000008bb00000, 0x000000008bb00000|100%| O|  |TAMS 0x000000008bb00000, 0x000000008bb00000| Untracked 
| 187|0x000000008bb00000, 0x000000008bc00000, 0x000000008bc00000|100%| O|  |TAMS 0x000000008bc00000, 0x000000008bc00000| Untracked 
| 188|0x000000008bc00000, 0x000000008bd00000, 0x000000008bd00000|100%| O|  |TAMS 0x000000008bd00000, 0x000000008bd00000| Untracked 
| 189|0x000000008bd00000, 0x000000008be00000, 0x000000008be00000|100%| O|  |TAMS 0x000000008be00000, 0x000000008be00000| Untracked 
| 190|0x000000008be00000, 0x000000008bf00000, 0x000000008bf00000|100%| O|  |TAMS 0x000000008bf00000, 0x000000008bf00000| Untracked 
| 191|0x000000008bf00000, 0x000000008c000000, 0x000000008c000000|100%| O|  |TAMS 0x000000008c000000, 0x000000008c000000| Untracked 
| 192|0x000000008c000000, 0x000000008c100000, 0x000000008c100000|100%| O|  |TAMS 0x000000008c100000, 0x000000008c100000| Untracked 
| 193|0x000000008c100000, 0x000000008c200000, 0x000000008c200000|100%| O|  |TAMS 0x000000008c200000, 0x000000008c200000| Untracked 
| 194|0x000000008c200000, 0x000000008c300000, 0x000000008c300000|100%| O|  |TAMS 0x000000008c300000, 0x000000008c300000| Untracked 
| 195|0x000000008c300000, 0x000000008c400000, 0x000000008c400000|100%| O|  |TAMS 0x000000008c400000, 0x000000008c400000| Untracked 
| 196|0x000000008c400000, 0x000000008c500000, 0x000000008c500000|100%| O|  |TAMS 0x000000008c500000, 0x000000008c500000| Untracked 
| 197|0x000000008c500000, 0x000000008c600000, 0x000000008c600000|100%| O|  |TAMS 0x000000008c600000, 0x000000008c600000| Untracked 
| 198|0x000000008c600000, 0x000000008c700000, 0x000000008c700000|100%| O|  |TAMS 0x000000008c700000, 0x000000008c700000| Untracked 
| 199|0x000000008c700000, 0x000000008c800000, 0x000000008c800000|100%| O|  |TAMS 0x000000008c800000, 0x000000008c800000| Untracked 
| 200|0x000000008c800000, 0x000000008c900000, 0x000000008c900000|100%| O|  |TAMS 0x000000008c900000, 0x000000008c900000| Untracked 
| 201|0x000000008c900000, 0x000000008ca00000, 0x000000008ca00000|100%| O|  |TAMS 0x000000008ca00000, 0x000000008ca00000| Untracked 
| 202|0x000000008ca00000, 0x000000008ca00000, 0x000000008cb00000|  0%| F|  |TAMS 0x000000008ca00000, 0x000000008ca00000| Untracked 
| 203|0x000000008cb00000, 0x000000008cc00000, 0x000000008cc00000|100%| O|  |TAMS 0x000000008cc00000, 0x000000008cc00000| Untracked 
| 204|0x000000008cc00000, 0x000000008cd00000, 0x000000008cd00000|100%| O|  |TAMS 0x000000008cd00000, 0x000000008cd00000| Untracked 
| 205|0x000000008cd00000, 0x000000008ce00000, 0x000000008ce00000|100%| O|  |TAMS 0x000000008cd00000, 0x000000008ce00000| Untracked 
| 206|0x000000008ce00000, 0x000000008ce00000, 0x000000008cf00000|  0%| F|  |TAMS 0x000000008ce00000, 0x000000008ce00000| Untracked 
| 207|0x000000008cf00000, 0x000000008cf00000, 0x000000008d000000|  0%| F|  |TAMS 0x000000008cf00000, 0x000000008cf00000| Untracked 
| 208|0x000000008d000000, 0x000000008d100000, 0x000000008d100000|100%| O|  |TAMS 0x000000008d100000, 0x000000008d100000| Untracked 
| 209|0x000000008d100000, 0x000000008d200000, 0x000000008d200000|100%| O|  |TAMS 0x000000008d200000, 0x000000008d200000| Untracked 
| 210|0x000000008d200000, 0x000000008d300000, 0x000000008d300000|100%| O|  |TAMS 0x000000008d2f9a00, 0x000000008d300000| Untracked 
| 211|0x000000008d300000, 0x000000008d400000, 0x000000008d400000|100%| O|  |TAMS 0x000000008d300000, 0x000000008d400000| Untracked 
| 212|0x000000008d400000, 0x000000008d400000, 0x000000008d500000|  0%| F|  |TAMS 0x000000008d400000, 0x000000008d400000| Untracked 
| 213|0x000000008d500000, 0x000000008d600000, 0x000000008d600000|100%| O|  |TAMS 0x000000008d600000, 0x000000008d600000| Untracked 
| 214|0x000000008d600000, 0x000000008d700000, 0x000000008d700000|100%| O|  |TAMS 0x000000008d600000, 0x000000008d700000| Untracked 
| 215|0x000000008d700000, 0x000000008d73f000, 0x000000008d800000| 24%| O|  |TAMS 0x000000008d700000, 0x000000008d73f000| Untracked 
| 216|0x000000008d800000, 0x000000008d900000, 0x000000008d900000|100%| O|  |TAMS 0x000000008d900000, 0x000000008d900000| Untracked 
| 217|0x000000008d900000, 0x000000008d900000, 0x000000008da00000|  0%| F|  |TAMS 0x000000008d900000, 0x000000008d900000| Untracked 
| 218|0x000000008da00000, 0x000000008da00000, 0x000000008db00000|  0%| F|  |TAMS 0x000000008da00000, 0x000000008da00000| Untracked 
| 219|0x000000008db00000, 0x000000008db00000, 0x000000008dc00000|  0%| F|  |TAMS 0x000000008db00000, 0x000000008db00000| Untracked 
| 220|0x000000008dc00000, 0x000000008dc00000, 0x000000008dd00000|  0%| F|  |TAMS 0x000000008dc00000, 0x000000008dc00000| Untracked 
| 221|0x000000008dd00000, 0x000000008de00000, 0x000000008de00000|100%| O|  |TAMS 0x000000008de00000, 0x000000008de00000| Untracked 
| 222|0x000000008de00000, 0x000000008df00000, 0x000000008df00000|100%| O|  |TAMS 0x000000008df00000, 0x000000008df00000| Untracked 
| 223|0x000000008df00000, 0x000000008e000000, 0x000000008e000000|100%| O|  |TAMS 0x000000008e000000, 0x000000008e000000| Untracked 
| 224|0x000000008e000000, 0x000000008e100000, 0x000000008e100000|100%| O|  |TAMS 0x000000008e100000, 0x000000008e100000| Untracked 
| 225|0x000000008e100000, 0x000000008e100000, 0x000000008e200000|  0%| F|  |TAMS 0x000000008e100000, 0x000000008e100000| Untracked 
| 226|0x000000008e200000, 0x000000008e300000, 0x000000008e300000|100%| O|  |TAMS 0x000000008e300000, 0x000000008e300000| Untracked 
| 227|0x000000008e300000, 0x000000008e400000, 0x000000008e400000|100%| O|  |TAMS 0x000000008e400000, 0x000000008e400000| Untracked 
| 228|0x000000008e400000, 0x000000008e400000, 0x000000008e500000|  0%| F|  |TAMS 0x000000008e400000, 0x000000008e400000| Untracked 
| 229|0x000000008e500000, 0x000000008e500000, 0x000000008e600000|  0%| F|  |TAMS 0x000000008e500000, 0x000000008e500000| Untracked 
| 230|0x000000008e600000, 0x000000008e600000, 0x000000008e700000|  0%| F|  |TAMS 0x000000008e600000, 0x000000008e600000| Untracked 
| 231|0x000000008e700000, 0x000000008e800000, 0x000000008e800000|100%| O|  |TAMS 0x000000008e800000, 0x000000008e800000| Untracked 
| 232|0x000000008e800000, 0x000000008e800000, 0x000000008e900000|  0%| F|  |TAMS 0x000000008e800000, 0x000000008e800000| Untracked 
| 233|0x000000008e900000, 0x000000008e900000, 0x000000008ea00000|  0%| F|  |TAMS 0x000000008e900000, 0x000000008e900000| Untracked 
| 234|0x000000008ea00000, 0x000000008ea00000, 0x000000008eb00000|  0%| F|  |TAMS 0x000000008ea00000, 0x000000008ea00000| Untracked 
| 235|0x000000008eb00000, 0x000000008eb00000, 0x000000008ec00000|  0%| F|  |TAMS 0x000000008eb00000, 0x000000008eb00000| Untracked 
| 236|0x000000008ec00000, 0x000000008ec00000, 0x000000008ed00000|  0%| F|  |TAMS 0x000000008ec00000, 0x000000008ec00000| Untracked 
| 237|0x000000008ed00000, 0x000000008ee00000, 0x000000008ee00000|100%| O|  |TAMS 0x000000008ee00000, 0x000000008ee00000| Untracked 
| 238|0x000000008ee00000, 0x000000008ee00000, 0x000000008ef00000|  0%| F|  |TAMS 0x000000008ee00000, 0x000000008ee00000| Untracked 
| 239|0x000000008ef00000, 0x000000008ef00000, 0x000000008f000000|  0%| F|  |TAMS 0x000000008ef00000, 0x000000008ef00000| Untracked 
| 240|0x000000008f000000, 0x000000008f000000, 0x000000008f100000|  0%| F|  |TAMS 0x000000008f000000, 0x000000008f000000| Untracked 
| 241|0x000000008f100000, 0x000000008f100000, 0x000000008f200000|  0%| F|  |TAMS 0x000000008f100000, 0x000000008f100000| Untracked 
| 242|0x000000008f200000, 0x000000008f200000, 0x000000008f300000|  0%| F|  |TAMS 0x000000008f200000, 0x000000008f200000| Untracked 
| 243|0x000000008f300000, 0x000000008f300000, 0x000000008f400000|  0%| F|  |TAMS 0x000000008f300000, 0x000000008f300000| Untracked 
| 244|0x000000008f400000, 0x000000008f400000, 0x000000008f500000|  0%| F|  |TAMS 0x000000008f400000, 0x000000008f400000| Untracked 
| 245|0x000000008f500000, 0x000000008f600000, 0x000000008f600000|100%| O|  |TAMS 0x000000008f600000, 0x000000008f600000| Untracked 
| 246|0x000000008f600000, 0x000000008f700000, 0x000000008f700000|100%| O|  |TAMS 0x000000008f700000, 0x000000008f700000| Untracked 
| 247|0x000000008f700000, 0x000000008f700000, 0x000000008f800000|  0%| F|  |TAMS 0x000000008f700000, 0x000000008f700000| Untracked 
| 248|0x000000008f800000, 0x000000008f800000, 0x000000008f900000|  0%| F|  |TAMS 0x000000008f800000, 0x000000008f800000| Untracked 
| 249|0x000000008f900000, 0x000000008f900000, 0x000000008fa00000|  0%| F|  |TAMS 0x000000008f900000, 0x000000008f900000| Untracked 
| 250|0x000000008fa00000, 0x000000008fa00000, 0x000000008fb00000|  0%| F|  |TAMS 0x000000008fa00000, 0x000000008fa00000| Untracked 
| 251|0x000000008fb00000, 0x000000008fb00000, 0x000000008fc00000|  0%| F|  |TAMS 0x000000008fb00000, 0x000000008fb00000| Untracked 
| 252|0x000000008fc00000, 0x000000008fc00000, 0x000000008fd00000|  0%| F|  |TAMS 0x000000008fc00000, 0x000000008fc00000| Untracked 
| 253|0x000000008fd00000, 0x000000008fd00000, 0x000000008fe00000|  0%| F|  |TAMS 0x000000008fd00000, 0x000000008fd00000| Untracked 
| 254|0x000000008fe00000, 0x000000008fe00000, 0x000000008ff00000|  0%| F|  |TAMS 0x000000008fe00000, 0x000000008fe00000| Untracked 
| 255|0x000000008ff00000, 0x000000008ff00000, 0x0000000090000000|  0%| F|  |TAMS 0x000000008ff00000, 0x000000008ff00000| Untracked 
| 256|0x0000000090000000, 0x0000000090000000, 0x0000000090100000|  0%| F|  |TAMS 0x0000000090000000, 0x0000000090000000| Untracked 
| 257|0x0000000090100000, 0x0000000090100000, 0x0000000090200000|  0%| F|  |TAMS 0x0000000090100000, 0x0000000090100000| Untracked 
| 258|0x0000000090200000, 0x0000000090200000, 0x0000000090300000|  0%| F|  |TAMS 0x0000000090200000, 0x0000000090200000| Untracked 
| 259|0x0000000090300000, 0x00000000903c2290, 0x0000000090400000| 75%| S|CS|TAMS 0x0000000090300000, 0x0000000090300000| Complete 
| 260|0x0000000090400000, 0x0000000090500000, 0x0000000090500000|100%| S|CS|TAMS 0x0000000090400000, 0x0000000090400000| Complete 
| 261|0x0000000090500000, 0x0000000090600000, 0x0000000090600000|100%| S|CS|TAMS 0x0000000090500000, 0x0000000090500000| Complete 
| 262|0x0000000090600000, 0x0000000090700000, 0x0000000090700000|100%| S|CS|TAMS 0x0000000090600000, 0x0000000090600000| Complete 
| 263|0x0000000090700000, 0x0000000090700000, 0x0000000090800000|  0%| F|  |TAMS 0x0000000090700000, 0x0000000090700000| Untracked 
| 264|0x0000000090800000, 0x0000000090800000, 0x0000000090900000|  0%| F|  |TAMS 0x0000000090800000, 0x0000000090800000| Untracked 
| 265|0x0000000090900000, 0x0000000090900000, 0x0000000090a00000|  0%| F|  |TAMS 0x0000000090900000, 0x0000000090900000| Untracked 
| 266|0x0000000090a00000, 0x0000000090a00000, 0x0000000090b00000|  0%| F|  |TAMS 0x0000000090a00000, 0x0000000090a00000| Untracked 
| 267|0x0000000090b00000, 0x0000000090b00000, 0x0000000090c00000|  0%| F|  |TAMS 0x0000000090b00000, 0x0000000090b00000| Untracked 
| 268|0x0000000090c00000, 0x0000000090c00000, 0x0000000090d00000|  0%| F|  |TAMS 0x0000000090c00000, 0x0000000090c00000| Untracked 
| 269|0x0000000090d00000, 0x0000000090d00000, 0x0000000090e00000|  0%| F|  |TAMS 0x0000000090d00000, 0x0000000090d00000| Untracked 
| 270|0x0000000090e00000, 0x0000000090e00000, 0x0000000090f00000|  0%| F|  |TAMS 0x0000000090e00000, 0x0000000090e00000| Untracked 
| 271|0x0000000090f00000, 0x0000000090f00000, 0x0000000091000000|  0%| F|  |TAMS 0x0000000090f00000, 0x0000000090f00000| Untracked 
| 272|0x0000000091000000, 0x0000000091000000, 0x0000000091100000|  0%| F|  |TAMS 0x0000000091000000, 0x0000000091000000| Untracked 
| 273|0x0000000091100000, 0x0000000091100000, 0x0000000091200000|  0%| F|  |TAMS 0x0000000091100000, 0x0000000091100000| Untracked 
| 274|0x0000000091200000, 0x0000000091200000, 0x0000000091300000|  0%| F|  |TAMS 0x0000000091200000, 0x0000000091200000| Untracked 
| 275|0x0000000091300000, 0x0000000091300000, 0x0000000091400000|  0%| F|  |TAMS 0x0000000091300000, 0x0000000091300000| Untracked 
| 276|0x0000000091400000, 0x0000000091400000, 0x0000000091500000|  0%| F|  |TAMS 0x0000000091400000, 0x0000000091400000| Untracked 
| 277|0x0000000091500000, 0x0000000091500000, 0x0000000091600000|  0%| F|  |TAMS 0x0000000091500000, 0x0000000091500000| Untracked 
| 278|0x0000000091600000, 0x0000000091600000, 0x0000000091700000|  0%| F|  |TAMS 0x0000000091600000, 0x0000000091600000| Untracked 
| 279|0x0000000091700000, 0x0000000091700000, 0x0000000091800000|  0%| F|  |TAMS 0x0000000091700000, 0x0000000091700000| Untracked 
| 280|0x0000000091800000, 0x0000000091800000, 0x0000000091900000|  0%| F|  |TAMS 0x0000000091800000, 0x0000000091800000| Untracked 
| 281|0x0000000091900000, 0x0000000091900000, 0x0000000091a00000|  0%| F|  |TAMS 0x0000000091900000, 0x0000000091900000| Untracked 
| 282|0x0000000091a00000, 0x0000000091a00000, 0x0000000091b00000|  0%| F|  |TAMS 0x0000000091a00000, 0x0000000091a00000| Untracked 
| 283|0x0000000091b00000, 0x0000000091b00000, 0x0000000091c00000|  0%| F|  |TAMS 0x0000000091b00000, 0x0000000091b00000| Untracked 
| 284|0x0000000091c00000, 0x0000000091c00000, 0x0000000091d00000|  0%| F|  |TAMS 0x0000000091c00000, 0x0000000091c00000| Untracked 
| 285|0x0000000091d00000, 0x0000000091d00000, 0x0000000091e00000|  0%| F|  |TAMS 0x0000000091d00000, 0x0000000091d00000| Untracked 
| 286|0x0000000091e00000, 0x0000000091e00000, 0x0000000091f00000|  0%| F|  |TAMS 0x0000000091e00000, 0x0000000091e00000| Untracked 
| 287|0x0000000091f00000, 0x0000000091f00000, 0x0000000092000000|  0%| F|  |TAMS 0x0000000091f00000, 0x0000000091f00000| Untracked 
| 288|0x0000000092000000, 0x0000000092000000, 0x0000000092100000|  0%| F|  |TAMS 0x0000000092000000, 0x0000000092000000| Untracked 
| 289|0x0000000092100000, 0x0000000092100000, 0x0000000092200000|  0%| F|  |TAMS 0x0000000092100000, 0x0000000092100000| Untracked 
| 290|0x0000000092200000, 0x0000000092200000, 0x0000000092300000|  0%| F|  |TAMS 0x0000000092200000, 0x0000000092200000| Untracked 
| 291|0x0000000092300000, 0x0000000092300000, 0x0000000092400000|  0%| F|  |TAMS 0x0000000092300000, 0x0000000092300000| Untracked 
| 292|0x0000000092400000, 0x0000000092400000, 0x0000000092500000|  0%| F|  |TAMS 0x0000000092400000, 0x0000000092400000| Untracked 
| 293|0x0000000092500000, 0x0000000092500000, 0x0000000092600000|  0%| F|  |TAMS 0x0000000092500000, 0x0000000092500000| Untracked 
| 294|0x0000000092600000, 0x0000000092600000, 0x0000000092700000|  0%| F|  |TAMS 0x0000000092600000, 0x0000000092600000| Untracked 
| 295|0x0000000092700000, 0x0000000092700000, 0x0000000092800000|  0%| F|  |TAMS 0x0000000092700000, 0x0000000092700000| Untracked 
| 296|0x0000000092800000, 0x0000000092800000, 0x0000000092900000|  0%| F|  |TAMS 0x0000000092800000, 0x0000000092800000| Untracked 
| 297|0x0000000092900000, 0x0000000092900000, 0x0000000092a00000|  0%| F|  |TAMS 0x0000000092900000, 0x0000000092900000| Untracked 
| 298|0x0000000092a00000, 0x0000000092a00000, 0x0000000092b00000|  0%| F|  |TAMS 0x0000000092a00000, 0x0000000092a00000| Untracked 
| 299|0x0000000092b00000, 0x0000000092b00000, 0x0000000092c00000|  0%| F|  |TAMS 0x0000000092b00000, 0x0000000092b00000| Untracked 
| 300|0x0000000092c00000, 0x0000000092c00000, 0x0000000092d00000|  0%| F|  |TAMS 0x0000000092c00000, 0x0000000092c00000| Untracked 
| 301|0x0000000092d00000, 0x0000000092d00000, 0x0000000092e00000|  0%| F|  |TAMS 0x0000000092d00000, 0x0000000092d00000| Untracked 
| 302|0x0000000092e00000, 0x0000000092e00000, 0x0000000092f00000|  0%| F|  |TAMS 0x0000000092e00000, 0x0000000092e00000| Untracked 
| 303|0x0000000092f00000, 0x0000000092f00000, 0x0000000093000000|  0%| F|  |TAMS 0x0000000092f00000, 0x0000000092f00000| Untracked 
| 304|0x0000000093000000, 0x0000000093000000, 0x0000000093100000|  0%| F|  |TAMS 0x0000000093000000, 0x0000000093000000| Untracked 
| 305|0x0000000093100000, 0x0000000093100000, 0x0000000093200000|  0%| F|  |TAMS 0x0000000093100000, 0x0000000093100000| Untracked 
| 306|0x0000000093200000, 0x0000000093200000, 0x0000000093300000|  0%| F|  |TAMS 0x0000000093200000, 0x0000000093200000| Untracked 
| 307|0x0000000093300000, 0x0000000093300000, 0x0000000093400000|  0%| F|  |TAMS 0x0000000093300000, 0x0000000093300000| Untracked 
| 308|0x0000000093400000, 0x0000000093400000, 0x0000000093500000|  0%| F|  |TAMS 0x0000000093400000, 0x0000000093400000| Untracked 
| 309|0x0000000093500000, 0x0000000093500000, 0x0000000093600000|  0%| F|  |TAMS 0x0000000093500000, 0x0000000093500000| Untracked 
| 310|0x0000000093600000, 0x0000000093600000, 0x0000000093700000|  0%| F|  |TAMS 0x0000000093600000, 0x0000000093600000| Untracked 
| 311|0x0000000093700000, 0x0000000093700000, 0x0000000093800000|  0%| F|  |TAMS 0x0000000093700000, 0x0000000093700000| Untracked 
| 312|0x0000000093800000, 0x0000000093800000, 0x0000000093900000|  0%| F|  |TAMS 0x0000000093800000, 0x0000000093800000| Untracked 
| 313|0x0000000093900000, 0x0000000093900000, 0x0000000093a00000|  0%| F|  |TAMS 0x0000000093900000, 0x0000000093900000| Untracked 
| 314|0x0000000093a00000, 0x0000000093a00000, 0x0000000093b00000|  0%| F|  |TAMS 0x0000000093a00000, 0x0000000093a00000| Untracked 
| 315|0x0000000093b00000, 0x0000000093b00000, 0x0000000093c00000|  0%| F|  |TAMS 0x0000000093b00000, 0x0000000093b00000| Untracked 
| 316|0x0000000093c00000, 0x0000000093cb6b20, 0x0000000093d00000| 71%| E|  |TAMS 0x0000000093c00000, 0x0000000093c00000| Complete 
| 317|0x0000000093d00000, 0x0000000093e00000, 0x0000000093e00000|100%| E|CS|TAMS 0x0000000093d00000, 0x0000000093d00000| Complete 
| 318|0x0000000093e00000, 0x0000000093f00000, 0x0000000093f00000|100%| E|CS|TAMS 0x0000000093e00000, 0x0000000093e00000| Complete 
| 319|0x0000000093f00000, 0x0000000094000000, 0x0000000094000000|100%| E|CS|TAMS 0x0000000093f00000, 0x0000000093f00000| Complete 
| 320|0x0000000094000000, 0x0000000094100000, 0x0000000094100000|100%| E|CS|TAMS 0x0000000094000000, 0x0000000094000000| Complete 

Card table byte_map: [0x00000215ff6c0000,0x00000215ffac0000] _byte_map_base: 0x00000215ff2c0000

Marking Bits (Prev, Next): (CMBitMap*) 0x00000215e7c9cef0, (CMBitMap*) 0x00000215e7c9ceb8
 Prev Bits: [0x0000021582000000, 0x0000021584000000)
 Next Bits: [0x0000021580000000, 0x0000021582000000)

Polling page: 0x00000215e7440000

Metaspace:

Usage:
  Non-class:    114.47 MB capacity,   111.12 MB ( 97%) used,     2.91 MB (  3%) free+waste,   450.06 KB ( <1%) overhead. 
      Class:     18.30 MB capacity,    16.34 MB ( 89%) used,     1.76 MB ( 10%) free+waste,   200.75 KB (  1%) overhead. 
       Both:    132.77 MB capacity,   127.46 MB ( 96%) used,     4.68 MB (  4%) free+waste,   650.81 KB ( <1%) overhead. 

Virtual space:
  Non-class space:      116.00 MB reserved,     114.63 MB ( 99%) committed 
      Class space:      504.00 MB reserved,      18.32 MB (  4%) committed 
             Both:      620.00 MB reserved,     132.95 MB ( 21%) committed 

Chunk freelists:
   Non-Class:  3.88 KB
       Class:  0 bytes
        Both:  3.88 KB

CodeHeap 'non-profiled nmethods': size=120000Kb used=18613Kb max_used=18613Kb free=101386Kb
 bounds [0x00000215f7a50000, 0x00000215f8c90000, 0x00000215fef80000]
CodeHeap 'profiled nmethods': size=120000Kb used=47532Kb max_used=47532Kb free=72468Kb
 bounds [0x00000215f0520000, 0x00000215f33c0000, 0x00000215f7a50000]
CodeHeap 'non-nmethods': size=5760Kb used=2358Kb max_used=2457Kb free=3401Kb
 bounds [0x00000215eff80000, 0x00000215f0210000, 0x00000215f0520000]
 total_blobs=32006 nmethods=20868 adapters=891
 compilation: enabled
              stopped_count=0, restarted_count=0
 full_count=0

Compilation events (10 events):
Event: 16468.517 Thread 0x0000021586930000 24190       3       org.gradle.internal.logging.source.PrintStreamLoggingSystem::snapshot (16 bytes)
Event: 16468.517 Thread 0x0000021586930000 nmethod 24190 0x00000215f33b2c90 code [0x00000215f33b2e60, 0x00000215f33b3138]
Event: 16468.519 Thread 0x0000021586930000 24191       3       org.gradle.util.internal.ConfigureUtil::configureByMap (133 bytes)
Event: 16468.520 Thread 0x0000021586930000 nmethod 24191 0x00000215f33b3210 code [0x00000215f33b34e0, 0x00000215f33b45a0]
Event: 16468.526 Thread 0x0000021586930000 24193       1       org.gradle.api.internal.artifacts.ivyservice.modulecache.FileStoreAndIndexProvider::getExternalResourceFileStore (5 bytes)
Event: 16468.526 Thread 0x0000021586930000 nmethod 24193 0x00000215f8c79110 code [0x00000215f8c792c0, 0x00000215f8c793d8]
Event: 16468.530 Thread 0x0000021586930000 24194       3       org.gradle.internal.event.DefaultListenerManager$ListenerDetails::<init> (49 bytes)
Event: 16468.531 Thread 0x0000021586930000 nmethod 24194 0x00000215f33b4a10 code [0x00000215f33b4c40, 0x00000215f33b55f8]
Event: 16468.538 Thread 0x0000021586930000 24196   !   3       jdk.internal.reflect.GeneratedMethodAccessor563::invoke (66 bytes)
Event: 16468.539 Thread 0x0000021586930000 nmethod 24196 0x00000215f33b5910 code [0x00000215f33b5b60, 0x00000215f33b64b0]

GC Heap History (10 events):
Event: 11751.439 GC heap before
{Heap before GC invocations=128 (full 0):
 garbage-first heap   total 328704K, used 237296K [0x0000000080000000, 0x0000000100000000)
  region size 1024K, 16 young (16384K), 7 survivors (7168K)
 Metaspace       used 130344K, capacity 135655K, committed 135884K, reserved 634880K
  class space    used 16716K, capacity 18712K, committed 18764K, reserved 516096K
}
Event: 11751.451 GC heap after
{Heap after GC invocations=129 (full 0):
 garbage-first heap   total 328704K, used 224664K [0x0000000080000000, 0x0000000100000000)
  region size 1024K, 2 young (2048K), 2 survivors (2048K)
 Metaspace       used 130344K, capacity 135655K, committed 135884K, reserved 634880K
  class space    used 16716K, capacity 18712K, committed 18764K, reserved 516096K
}
Event: 12853.700 GC heap before
{Heap before GC invocations=129 (full 0):
 garbage-first heap   total 328704K, used 278936K [0x0000000080000000, 0x0000000100000000)
  region size 1024K, 55 young (56320K), 2 survivors (2048K)
 Metaspace       used 130378K, capacity 135743K, committed 135884K, reserved 634880K
  class space    used 16718K, capacity 18716K, committed 18764K, reserved 516096K
}
Event: 12853.715 GC heap after
{Heap after GC invocations=130 (full 0):
 garbage-first heap   total 328704K, used 225096K [0x0000000080000000, 0x0000000100000000)
  region size 1024K, 2 young (2048K), 2 survivors (2048K)
 Metaspace       used 130378K, capacity 135743K, committed 135884K, reserved 634880K
  class space    used 16718K, capacity 18716K, committed 18764K, reserved 516096K
}
Event: 15599.359 GC heap before
{Heap before GC invocations=131 (full 0):
 garbage-first heap   total 328704K, used 280392K [0x0000000080000000, 0x0000000100000000)
  region size 1024K, 56 young (57344K), 2 survivors (2048K)
 Metaspace       used 130378K, capacity 135743K, committed 135884K, reserved 634880K
  class space    used 16718K, capacity 18716K, committed 18764K, reserved 516096K
}
Event: 15599.387 GC heap after
{Heap after GC invocations=132 (full 0):
 garbage-first heap   total 328704K, used 224854K [0x0000000080000000, 0x0000000100000000)
  region size 1024K, 2 young (2048K), 2 survivors (2048K)
 Metaspace       used 130378K, capacity 135743K, committed 135884K, reserved 634880K
  class space    used 16718K, capacity 18716K, committed 18764K, reserved 516096K
}
Event: 16302.135 GC heap before
{Heap before GC invocations=132 (full 0):
 garbage-first heap   total 328704K, used 239190K [0x0000000080000000, 0x0000000100000000)
  region size 1024K, 16 young (16384K), 2 survivors (2048K)
 Metaspace       used 130378K, capacity 135743K, committed 135884K, reserved 634880K
  class space    used 16718K, capacity 18716K, committed 18764K, reserved 516096K
}
Event: 16302.226 GC heap after
{Heap after GC invocations=133 (full 0):
 garbage-first heap   total 328704K, used 220713K [0x0000000080000000, 0x0000000100000000)
  region size 1024K, 1 young (1024K), 1 survivors (1024K)
 Metaspace       used 130378K, capacity 135743K, committed 135884K, reserved 634880K
  class space    used 16718K, capacity 18716K, committed 18764K, reserved 516096K
}
Event: 16468.486 GC heap before
{Heap before GC invocations=133 (full 0):
 garbage-first heap   total 328704K, used 278057K [0x0000000080000000, 0x0000000100000000)
  region size 1024K, 58 young (59392K), 1 survivors (1024K)
 Metaspace       used 130499K, capacity 135946K, committed 136140K, reserved 634880K
  class space    used 16732K, capacity 18739K, committed 18764K, reserved 516096K
}
Event: 16468.507 GC heap after
{Heap after GC invocations=134 (full 0):
 garbage-first heap   total 328704K, used 224260K [0x0000000080000000, 0x0000000100000000)
  region size 1024K, 4 young (4096K), 4 survivors (4096K)
 Metaspace       used 130499K, capacity 135946K, committed 136140K, reserved 634880K
  class space    used 16732K, capacity 18739K, committed 18764K, reserved 516096K
}

Deoptimization events (10 events):
Event: 11761.040 Thread 0x00000215891c6800 Uncommon trap: reason=unstable_if action=reinterpret pc=0x00000215f7d136c8 method=java.util.concurrent.locks.AbstractQueuedSynchronizer$ConditionObject.await()V @ 67 c2
Event: 11761.041 Thread 0x000002158d4f6000 Uncommon trap: reason=unstable_if action=reinterpret pc=0x00000215f7d136c8 method=java.util.concurrent.locks.AbstractQueuedSynchronizer$ConditionObject.await()V @ 67 c2
Event: 11761.041 Thread 0x0000021594233000 Uncommon trap: reason=unstable_if action=reinterpret pc=0x00000215f7d136c8 method=java.util.concurrent.locks.AbstractQueuedSynchronizer$ConditionObject.await()V @ 67 c2
Event: 11761.083 Thread 0x000002158f329800 Uncommon trap: reason=unstable_if action=reinterpret pc=0x00000215f8228da0 method=com.esotericsoftware.kryo.io.Input.require(I)I @ 180 c2
Event: 16461.896 Thread 0x000002158f32c000 Uncommon trap: reason=class_check action=maybe_recompile pc=0x00000215f7ca2530 method=sun.management.spi.PlatformMBeanProvider$PlatformComponent.getMBeans(Ljava/lang/Class;)Ljava/util/List; @ 26 c2
Event: 16467.936 Thread 0x000002158f32c000 Uncommon trap: reason=profile_predicate action=maybe_recompile pc=0x00000215f7f8a4c4 method=java.lang.invoke.InvokerBytecodeGenerator.<init>(Ljava/lang/String;Ljava/lang/String;Ljava/lang/invoke/LambdaForm;Ljava/lang/invoke/MethodType;)V @ 33 c2
Event: 16467.938 Thread 0x000002158f32c000 Uncommon trap: reason=profile_predicate action=maybe_recompile pc=0x00000215f7f8a4c4 method=java.lang.invoke.InvokerBytecodeGenerator.<init>(Ljava/lang/String;Ljava/lang/String;Ljava/lang/invoke/LambdaForm;Ljava/lang/invoke/MethodType;)V @ 33 c2
Event: 16467.939 Thread 0x000002158f32c000 Uncommon trap: reason=profile_predicate action=maybe_recompile pc=0x00000215f7f8a4c4 method=java.lang.invoke.InvokerBytecodeGenerator.<init>(Ljava/lang/String;Ljava/lang/String;Ljava/lang/invoke/LambdaForm;Ljava/lang/invoke/MethodType;)V @ 33 c2
Event: 16467.940 Thread 0x000002158f32c000 Uncommon trap: reason=profile_predicate action=maybe_recompile pc=0x00000215f7f8a4c4 method=java.lang.invoke.InvokerBytecodeGenerator.<init>(Ljava/lang/String;Ljava/lang/String;Ljava/lang/invoke/LambdaForm;Ljava/lang/invoke/MethodType;)V @ 33 c2
Event: 16468.129 Thread 0x000002158f32c000 Uncommon trap: reason=class_check action=maybe_recompile pc=0x00000215f828a354 method=org.gradle.api.internal.attributes.DefaultMutableAttributeContainer.nonParentKeys()Ljava/util/Set; @ 13 c2

Classes redefined (0 events):
No events

Internal exceptions (10 events):
Event: 11748.551 Thread 0x000002158a8fb000 Exception <a 'java/lang/NoSuchMethodError'{0x0000000092043798}: <clinit>> (0x0000000092043798) thrown at [t:/workspace/open/src/hotspot/share/prims/jni.cpp, line 1364]
Event: 11748.574 Thread 0x000002158a8ff000 Exception <a 'java/lang/NoSuchMethodError'{0x0000000091e06eb8}: <clinit>> (0x0000000091e06eb8) thrown at [t:/workspace/open/src/hotspot/share/prims/jni.cpp, line 1364]
Event: 11748.575 Thread 0x000002158a8ff000 Exception <a 'java/lang/NoSuchMethodError'{0x0000000091e17238}: <clinit>> (0x0000000091e17238) thrown at [t:/workspace/open/src/hotspot/share/prims/jni.cpp, line 1364]
Event: 11748.866 Thread 0x000002158a8fb000 Exception <a 'java/lang/NoSuchMethodError'{0x0000000093cc3510}: <clinit>> (0x0000000093cc3510) thrown at [t:/workspace/open/src/hotspot/share/prims/jni.cpp, line 1364]
Event: 11748.866 Thread 0x000002158a8fb000 Exception <a 'java/lang/NoSuchMethodError'{0x0000000093cc4ae8}: <clinit>> (0x0000000093cc4ae8) thrown at [t:/workspace/open/src/hotspot/share/prims/jni.cpp, line 1364]
Event: 11748.866 Thread 0x000002158a8fb000 Exception <a 'java/lang/NoSuchMethodError'{0x0000000093cc76d0}: <clinit>> (0x0000000093cc76d0) thrown at [t:/workspace/open/src/hotspot/share/prims/jni.cpp, line 1364]
Event: 11748.868 Thread 0x000002158a8fb000 Exception <a 'java/lang/NoSuchMethodError'{0x0000000093cde878}: <clinit>> (0x0000000093cde878) thrown at [t:/workspace/open/src/hotspot/share/prims/jni.cpp, line 1364]
Event: 11748.868 Thread 0x000002158a8fb000 Exception <a 'java/lang/NoSuchMethodError'{0x0000000093cdfa98}: <clinit>> (0x0000000093cdfa98) thrown at [t:/workspace/open/src/hotspot/share/prims/jni.cpp, line 1364]
Event: 11752.109 Thread 0x000002158a8fe000 Exception <a 'java/lang/NoSuchMethodError'{0x0000000093200f68}: <clinit>> (0x0000000093200f68) thrown at [t:/workspace/open/src/hotspot/share/prims/jni.cpp, line 1364]
Event: 11752.366 Thread 0x000002158a8fe000 Implicit null exception at 0x00000215f8bef417 to 0x00000215f8bef4e6

Events (10 events):
Event: 16468.447 Thread 0x00000215933f3800 Thread added: 0x00000215933f3800
Event: 16468.447 Thread 0x00000215933ef000 Thread added: 0x00000215933ef000
Event: 16468.447 Thread 0x00000215933f6000 Thread added: 0x00000215933f6000
Event: 16468.447 Thread 0x00000215933f0000 Thread added: 0x00000215933f0000
Event: 16468.447 Thread 0x00000215933f6800 Thread added: 0x00000215933f6800
Event: 16468.448 Thread 0x00000215933f1000 Thread added: 0x00000215933f1000
Event: 16468.448 Thread 0x00000215933f2800 Thread added: 0x00000215933f2800
Event: 16468.448 Thread 0x00000215933f7800 Thread added: 0x00000215933f7800
Event: 16468.486 Executing VM operation: G1CollectForAllocation
Event: 16468.507 Executing VM operation: G1CollectForAllocation done


Dynamic libraries:
0x00007ff71cb20000 - 0x00007ff71cb65000 	C:\Users\USER\AppData\Local\jdk-11.0.2\bin\java.exe
0x00007ff9ac6b0000 - 0x00007ff9ac8a8000 	C:\Windows\SYSTEM32\ntdll.dll
0x00007ff9aaec0000 - 0x00007ff9aaf7f000 	C:\Windows\System32\KERNEL32.DLL
0x00007ff9aa210000 - 0x00007ff9aa4e2000 	C:\Windows\System32\KERNELBASE.dll
0x00007ff9abe90000 - 0x00007ff9ac031000 	C:\Windows\System32\USER32.dll
0x00007ff9aa4f0000 - 0x00007ff9aa512000 	C:\Windows\System32\win32u.dll
0x00007ff9aa830000 - 0x00007ff9aa85b000 	C:\Windows\System32\GDI32.dll
0x00007ff9aa0b0000 - 0x00007ff9aa1bf000 	C:\Windows\System32\gdi32full.dll
0x00007ff9aa5e0000 - 0x00007ff9aa67d000 	C:\Windows\System32\msvcp_win.dll
0x00007ff9a9f00000 - 0x00007ff9aa000000 	C:\Windows\System32\ucrtbase.dll
0x00007ff9a9130000 - 0x00007ff9a93ca000 	C:\Windows\WinSxS\amd64_microsoft.windows.common-controls_6595b64144ccf1df_6.0.19041.1110_none_60b5254171f9507e\COMCTL32.dll
0x00007ff9ab750000 - 0x00007ff9ab7ee000 	C:\Windows\System32\msvcrt.dll
0x00007ff9abda0000 - 0x00007ff9abdd2000 	C:\Windows\System32\IMM32.DLL
0x00007ff9a3ea0000 - 0x00007ff9a3eb6000 	C:\Users\USER\AppData\Local\jdk-11.0.2\bin\vcruntime140.dll
0x00007ff97f730000 - 0x00007ff97f7da000 	C:\Users\USER\AppData\Local\jdk-11.0.2\bin\msvcp140.dll
0x00007ff975710000 - 0x00007ff976233000 	C:\Users\USER\AppData\Local\jdk-11.0.2\bin\server\jvm.dll
0x00007ff9ab7f0000 - 0x00007ff9ab89e000 	C:\Windows\System32\ADVAPI32.dll
0x00007ff9ac0a0000 - 0x00007ff9ac13c000 	C:\Windows\System32\sechost.dll
0x00007ff9aa6f0000 - 0x00007ff9aa815000 	C:\Windows\System32\RPCRT4.dll
0x00007ff9ab8a0000 - 0x00007ff9ab8a8000 	C:\Windows\System32\PSAPI.DLL
0x00007ff9a3350000 - 0x00007ff9a335a000 	C:\Windows\SYSTEM32\VERSION.dll
0x00007ff995d40000 - 0x00007ff995d67000 	C:\Windows\SYSTEM32\WINMM.dll
0x00007ff9a98c0000 - 0x00007ff9a98c9000 	C:\Windows\SYSTEM32\WSOCK32.dll
0x00007ff9abd30000 - 0x00007ff9abd9b000 	C:\Windows\System32\WS2_32.dll
0x00007ff9a75f0000 - 0x00007ff9a7602000 	C:\Windows\SYSTEM32\kernel.appcore.dll
0x00007ff9a3dc0000 - 0x00007ff9a3dd1000 	C:\Users\USER\AppData\Local\jdk-11.0.2\bin\verify.dll
0x00007ff9a96c0000 - 0x00007ff9a98a4000 	C:\Windows\SYSTEM32\DBGHELP.DLL
0x00007ff9a9680000 - 0x00007ff9a96b5000 	C:\Windows\SYSTEM32\dbgcore.DLL
0x00007ff9aa520000 - 0x00007ff9aa5a2000 	C:\Windows\System32\bcryptPrimitives.dll
0x00007ff99b0f0000 - 0x00007ff99b118000 	C:\Users\USER\AppData\Local\jdk-11.0.2\bin\java.dll
0x00007ff9a3be0000 - 0x00007ff9a3bf6000 	C:\Users\USER\AppData\Local\jdk-11.0.2\bin\zip.dll
0x00007ff9a6fe0000 - 0x00007ff9a6fea000 	C:\Users\USER\AppData\Local\jdk-11.0.2\bin\jimage.dll
0x00007ff9aaf80000 - 0x00007ff9ab6c5000 	C:\Windows\System32\SHELL32.dll
0x00007ff9a77f0000 - 0x00007ff9a7f82000 	C:\Windows\SYSTEM32\windows.storage.dll
0x00007ff9aa860000 - 0x00007ff9aabb5000 	C:\Windows\System32\combase.dll
0x00007ff9a9090000 - 0x00007ff9a90c0000 	C:\Windows\SYSTEM32\Wldp.dll
0x00007ff9aac80000 - 0x00007ff9aad2d000 	C:\Windows\System32\SHCORE.dll
0x00007ff9ac040000 - 0x00007ff9ac095000 	C:\Windows\System32\shlwapi.dll
0x00007ff9a9ce0000 - 0x00007ff9a9cff000 	C:\Windows\SYSTEM32\profapi.dll
0x00007ff9a3a20000 - 0x00007ff9a3a39000 	C:\Users\USER\AppData\Local\jdk-11.0.2\bin\net.dll
0x00007ff9a1920000 - 0x00007ff9a1a2c000 	C:\Windows\SYSTEM32\WINHTTP.dll
0x00007ff99a0f0000 - 0x00007ff99a2dc000 	C:\Windows\SYSTEM32\urlmon.dll
0x00007ff999d60000 - 0x00007ff99a011000 	C:\Windows\SYSTEM32\iertutil.dll
0x00007ff999a10000 - 0x00007ff999a38000 	C:\Windows\SYSTEM32\srvcli.dll
0x00007ff9a8bf0000 - 0x00007ff9a8bfc000 	C:\Windows\SYSTEM32\netutils.dll
0x00007ff9a8f60000 - 0x00007ff9a8fca000 	C:\Windows\system32\mswsock.dll
0x00007ff9a36d0000 - 0x00007ff9a36e3000 	C:\Users\USER\AppData\Local\jdk-11.0.2\bin\nio.dll
0x00007ff995910000 - 0x00007ff995937000 	C:\Users\USER\.gradle\native\e1d6ef7f7dcc3fd88c89a11ec53ec762bb8ba0a96d01ffa2cd45eb1d1d8dd5c5\windows-amd64\native-platform.dll
0x00007ff97cc90000 - 0x00007ff97cdd4000 	C:\Users\USER\.gradle\native\0d407fdbe67a94daf76414ababcb853783967236a71b16ec16e742cd7a986fd3\windows-amd64\native-platform-file-events.dll
0x00007ff9a5180000 - 0x00007ff9a5189000 	C:\Users\USER\AppData\Local\jdk-11.0.2\bin\management.dll
0x00007ff9a4c60000 - 0x00007ff9a4c6c000 	C:\Users\USER\AppData\Local\jdk-11.0.2\bin\management_ext.dll
0x00007ff9a9ac0000 - 0x00007ff9a9ad8000 	C:\Windows\SYSTEM32\CRYPTSP.dll
0x00007ff9a8770000 - 0x00007ff9a87a4000 	C:\Windows\system32\rsaenh.dll
0x00007ff9aa5b0000 - 0x00007ff9aa5d7000 	C:\Windows\System32\bcrypt.dll
0x00007ff9a9ca0000 - 0x00007ff9a9cce000 	C:\Windows\SYSTEM32\USERENV.dll
0x00007ff9a9050000 - 0x00007ff9a905c000 	C:\Windows\SYSTEM32\CRYPTBASE.dll
0x00007ff9a8ae0000 - 0x00007ff9a8b1b000 	C:\Windows\SYSTEM32\IPHLPAPI.DLL
0x00007ff9aa820000 - 0x00007ff9aa828000 	C:\Windows\System32\NSI.dll
0x00007ff99f9d0000 - 0x00007ff99f9e7000 	C:\Windows\SYSTEM32\dhcpcsvc6.DLL
0x00007ff9a0ed0000 - 0x00007ff9a0eed000 	C:\Windows\SYSTEM32\dhcpcsvc.DLL
0x00007ff9a8b20000 - 0x00007ff9a8beb000 	C:\Windows\SYSTEM32\DNSAPI.dll
0x00007ff9860f0000 - 0x00007ff986117000 	C:\Users\USER\AppData\Local\jdk-11.0.2\bin\sunec.dll
0x00007ff99aa30000 - 0x00007ff99aa3a000 	C:\Windows\System32\rasadhlp.dll
0x00007ff99aa50000 - 0x00007ff99aad0000 	C:\Windows\System32\fwpuclnt.dll
0x00007ff99b7f0000 - 0x00007ff99b7fd000 	C:\Users\USER\AppData\Local\jdk-11.0.2\bin\sunmscapi.dll
0x00007ff9a9da0000 - 0x00007ff9a9ef6000 	C:\Windows\System32\CRYPT32.dll
0x00007ff9a9100000 - 0x00007ff9a9127000 	C:\Windows\SYSTEM32\ncrypt.dll
0x00007ff9a90c0000 - 0x00007ff9a90fb000 	C:\Windows\SYSTEM32\NTASN1.dll

dbghelp: loaded successfully - version: 4.0.5 - missing functions: none
symbol engine: initialized successfully - sym options: 0x614 - pdb path: .;C:\Users\USER\AppData\Local\jdk-11.0.2\bin;C:\Windows\SYSTEM32;C:\Windows\WinSxS\amd64_microsoft.windows.common-controls_6595b64144ccf1df_6.0.19041.1110_none_60b5254171f9507e;C:\Users\USER\AppData\Local\jdk-11.0.2\bin\server;C:\Users\USER\.gradle\native\e1d6ef7f7dcc3fd88c89a11ec53ec762bb8ba0a96d01ffa2cd45eb1d1d8dd5c5\windows-amd64;C:\Users\USER\.gradle\native\0d407fdbe67a94daf76414ababcb853783967236a71b16ec16e742cd7a986fd3\windows-amd64

VM Arguments:
jvm_args: -XX:MaxMetaspaceSize=512m --add-opens=java.base/java.util=ALL-UNNAMED --add-opens=java.base/java.lang=ALL-UNNAMED --add-opens=java.base/java.lang.invoke=ALL-UNNAMED --add-opens=java.base/java.util=ALL-UNNAMED --add-opens=java.prefs/java.util.prefs=ALL-UNNAMED --add-opens=java.prefs/java.util.prefs=ALL-UNNAMED --add-opens=java.base/java.nio.charset=ALL-UNNAMED --add-opens=java.base/java.net=ALL-UNNAMED --add-opens=java.base/java.util.concurrent.atomic=ALL-UNNAMED -Xmx2048m -Dfile.encoding=windows-1252 -Duser.country=CO -Duser.language=es -Duser.variant 
java_command: org.gradle.launcher.daemon.bootstrap.GradleDaemon 7.5.1
java_class_path (initial): C:\Users\USER\.gradle\wrapper\dists\gradle-7.5.1-all\1ehga6e77gqps5uk2kc5kf1vc\gradle-7.5.1\lib\gradle-launcher-7.5.1.jar
Launcher Type: SUN_STANDARD

[Global flags]
     intx CICompilerCount                          = 4                                         {product} {ergonomic}
   size_t CompressedClassSpaceSize                 = 528482304                                 {product} {ergonomic}
     uint ConcGCThreads                            = 2                                         {product} {ergonomic}
     uint G1ConcRefinementThreads                  = 8                                         {product} {ergonomic}
   size_t G1HeapRegionSize                         = 1048576                                   {product} {ergonomic}
    uintx GCDrainStackTargetSize                   = 64                                        {product} {ergonomic}
   size_t InitialHeapSize                          = 132120576                                 {product} {ergonomic}
   size_t MarkStackSize                            = 4194304                                   {product} {ergonomic}
   size_t MaxHeapSize                              = 2147483648                                {product} {command line}
   size_t MaxMetaspaceSize                         = 536870912                                 {product} {command line}
   size_t MaxNewSize                               = 1287651328                                {product} {ergonomic}
   size_t MinHeapDeltaBytes                        = 1048576                                   {product} {ergonomic}
    uintx NonNMethodCodeHeapSize                   = 5835340                                {pd product} {ergonomic}
    uintx NonProfiledCodeHeapSize                  = 122911450                              {pd product} {ergonomic}
    uintx ProfiledCodeHeapSize                     = 122911450                              {pd product} {ergonomic}
    uintx ReservedCodeCacheSize                    = 251658240                              {pd product} {ergonomic}
     bool SegmentedCodeCache                       = true                                      {product} {ergonomic}
     bool UseCompressedClassPointers               = true                                 {lp64_product} {ergonomic}
     bool UseCompressedOops                        = true                                 {lp64_product} {ergonomic}
     bool UseG1GC                                  = true                                      {product} {ergonomic}
     bool UseLargePagesIndividualAllocation        = false                                  {pd product} {ergonomic}

Logging:
Log output configuration:
 #0: stdout all=warning uptime,level,tags
 #1: stderr all=off uptime,level,tags

Environment Variables:
JAVA_HOME=C:\Users\USER\AppData\Local\jdk-11.0.2
CLASSPATH=C:\Users\USER\Desktop\toppay\android\\gradle\wrapper\gradle-wrapper.jar
PATH=C:\Users\USER\desktop\toppay\android\node_modules\.bin;C:\Users\USER\desktop\toppay\node_modules\.bin;C:\Users\USER\desktop\node_modules\.bin;C:\Users\USER\node_modules\.bin;C:\Users\node_modules\.bin;C:\node_modules\.bin;C:\Program Files\nodejs;C:\Users\USER\desktop\toppay\node_modules\.bin;C:\Users\USER\desktop\toppay\node_modules\.bin;C:\Users\USER\desktop\node_modules\.bin;C:\Users\USER\node_modules\.bin;C:\Users\node_modules\.bin;C:\node_modules\.bin;C:\Program Files\nodejs\node_modules\npm\node_modules\@npmcli\run-script\lib\node-gyp-bin;C:\Program Files\Eclipse Adoptium\jdk-8.0.362.9-hotspot\bin;C:\Python311\Scripts\;C:\Python311\;C:\Windows\system32;C:\Windows;C:\Windows\System32\Wbem;C:\Windows\System32\WindowsPowerShell\v1.0\;C:\Windows\System32\OpenSSH\;C:\Program Files\nodejs\;C:\ProgramData\chocolatey\bin;C:\Users\USER\AppData\Local\Android\Sdk\platform-tools;C:\Program Files\Git\cmd;C:\php;C:\Users\USER\AppData\Roaming\Composer\vendor\bin;C:\ProgramData\ComposerSetup\bin;C:\Users\USER\AppData\Local\Android\Sdk\tools;C:\Users\USER\AppData\Local\jdk-11.0.2\bin;C:\Users\USER\AppData\Local\Microsoft\WindowsApps;C:\Users\USER\AppData\Roaming\npm;C:\Users\USER\AppData\Local\Programs\Microsoft VS Code\bin;C:\Users\USER\AppData\Roaming\Composer\vendor\bin
USERNAME=USER
OS=Windows_NT
PROCESSOR_IDENTIFIER=Intel64 Family 6 Model 142 Stepping 12, GenuineIntel



---------------  S Y S T E M  ---------------

OS: Windows 10 , 64 bit Build 19041 (10.0.19041.2546)

CPU:total 8 (initial active 8) (4 cores per cpu, 2 threads per core) family 6 model 142 stepping 12, cmov, cx8, fxsr, mmx, sse, sse2, sse3, ssse3, sse4.1, sse4.2, popcnt, avx, avx2, aes, clmul, erms, 3dnowpref, lzcnt, ht, tsc, tscinvbit, bmi1, bmi2, adx, fma

Memory: 4k page, system-wide physical 8025M (1524M free)
TotalPageFile size 12377M (AvailPageFile size 2860M)
current process WorkingSet (physical memory assigned to process): 408M, peak: 708M
current process commit charge ("private bytes"): 785M, peak: 807M

vm_info: OpenJDK 64-Bit Server VM (11.0.2+9) for windows-amd64 JRE (11.0.2+9), built on Jan 18 2019 05:23:22 by "mach5one" with MS VC++ 15.5 (VS2017)

END.
